********************************************************************************
Field Output Report, written Tue Nov 29 18:43:23 2016

Source 1
---------

   ODB: E:/Chigozie Obidigbo Samples/Project2Wfem/cylinder/Cylinder_Beam.odb
   Step: Step-1
   Frame: Increment      1: Step Time =    1.000

Loc 1 : Nodal values from source 1

Output sorted by column "Node Label".

Field Output reported at nodes for part: TAPERED_CYLINDERED-1

      Node Label     U.Magnitude            U.U1            U.U2            U.U3
                          @Loc 1          @Loc 1          @Loc 1          @Loc 1
---------------------------------------------------------------------------------
               1     8.15477E-09     8.13256E-09    -601.537E-12     3.60660E-12
               2     7.99142E-09     7.97494E-09    -512.999E-12    -5.00439E-12
               3     8.11541E-09     8.11462E-09    -112.557E-12    -3.20034E-12
               4     7.98083E-09     7.97392E-09    -332.104E-12     3.78463E-12
               5     7.98083E-09     7.97392E-09     332.104E-12     3.78463E-12
               6     8.15477E-09     8.13256E-09     601.537E-12     3.60660E-12
               7     7.99142E-09     7.97494E-09     512.999E-12    -5.00439E-12
               8     8.11541E-09     8.11462E-09     112.557E-12    -3.20034E-12
               9     8.16057E-09     8.16057E-09     19.3192E-24     2.85199E-21
              10     5.94151E-09     5.90827E-09    -627.589E-12     8.37672E-12
              11     5.92355E-09     5.89498E-09    -581.044E-12     3.36986E-12
              12     5.90832E-09     5.90451E-09    -212.100E-12     4.86624E-12
              13     5.89685E-09     5.88914E-09    -301.355E-12     10.0803E-12
              14     5.89685E-09     5.88914E-09     301.355E-12     10.0803E-12
              15     5.94151E-09     5.90827E-09     627.589E-12     8.37672E-12
              16     5.92355E-09     5.89498E-09     581.044E-12     3.36986E-12
              17     5.90832E-09     5.90451E-09     212.100E-12     4.86624E-12
              18     5.87679E-09     5.87678E-09    -42.4394E-24     7.88178E-12
              19     4.17578E-09     4.13892E-09    -553.305E-12     18.3264E-12
              20     4.18560E-09     4.14734E-09    -564.655E-12    -2.00535E-12
              21     4.12032E-09     4.11440E-09    -220.671E-12    -3.81291E-12
              22     4.14088E-09     4.13450E-09    -229.488E-12     11.6000E-12
              23     4.14088E-09     4.13450E-09     229.488E-12     11.6000E-12
              24     4.17578E-09     4.13892E-09     553.305E-12     18.3264E-12
              25     4.18560E-09     4.14734E-09     564.655E-12    -2.00535E-12
              26     4.12032E-09     4.11440E-09     220.671E-12    -3.81291E-12
              27     4.15142E-09     4.15141E-09    -7.62961E-24     5.72867E-12
              28     2.88347E-09     2.84369E-09    -477.114E-12     12.0890E-12
              29     2.87773E-09     2.83603E-09    -488.142E-12    -3.21758E-12
              30     2.84136E-09     2.83172E-09    -233.739E-12    -5.27791E-12
              31     2.82628E-09     2.82085E-09    -174.968E-12     8.83749E-12
              32     2.82628E-09     2.82085E-09     174.968E-12     8.83749E-12
              33     2.88347E-09     2.84369E-09     477.114E-12     12.0890E-12
              34     2.87773E-09     2.83603E-09     488.142E-12    -3.21758E-12
              35     2.84136E-09     2.83172E-09     233.739E-12    -5.27791E-12
              36     2.81731E-09     2.81731E-09    -46.1660E-24     4.93848E-12
              37     1.90356E-09     1.86572E-09    -377.349E-12     15.3751E-12
              38     1.92114E-09     1.87349E-09    -425.235E-12    -2.98382E-12
              39     1.85830E-09     1.84803E-09    -194.999E-12    -7.67277E-12
              40     1.86413E-09     1.85974E-09    -127.618E-12     6.32633E-12
              41     1.86413E-09     1.85974E-09     127.618E-12     6.32633E-12
              42     1.90356E-09     1.86572E-09     377.349E-12     15.3751E-12
              43     1.92114E-09     1.87349E-09     425.235E-12    -2.98382E-12
              44     1.85830E-09     1.84803E-09     194.999E-12    -7.67277E-12
              45     1.87408E-09     1.87408E-09     5.93152E-24     2.49459E-12
              46     1.22799E-09     1.18735E-09    -313.037E-12     12.7887E-12
              47     1.23081E-09     1.18453E-09    -334.282E-12    -4.88292E-12
              48     1.18972E-09     1.17576E-09    -181.483E-12    -9.82324E-12
              49     1.16944E-09     1.16574E-09    -92.8181E-12     6.28998E-12
              50     1.16944E-09     1.16574E-09     92.8181E-12     6.28998E-12
              51     1.22799E-09     1.18735E-09     313.037E-12     12.7887E-12
              52     1.23081E-09     1.18453E-09     334.282E-12    -4.88292E-12
              53     1.18972E-09     1.17576E-09     181.483E-12    -9.82324E-12
              54     1.16732E-09     1.16732E-09    -12.6435E-24     2.63268E-12
              55     721.567E-12     685.783E-12    -224.104E-12     11.6909E-12
              56     743.830E-12     692.021E-12    -272.735E-12    -2.45460E-12
              57     686.963E-12     673.969E-12    -132.758E-12    -7.68536E-12
              58     684.021E-12     680.837E-12    -65.8428E-12     3.34650E-12
              59     684.021E-12     680.837E-12     65.8428E-12     3.34650E-12
              60     721.567E-12     685.783E-12     224.104E-12     11.6909E-12
              61     743.830E-12     692.021E-12     272.735E-12    -2.45460E-12
              62     686.963E-12     673.969E-12     132.758E-12    -7.68536E-12
              63     691.691E-12     691.690E-12     1.00167E-24     1.10357E-12
              64     405.455E-12     365.877E-12    -174.183E-12     13.7094E-12
              65     412.066E-12     366.722E-12    -187.851E-12    -5.10348E-12
              66     372.009E-12     354.880E-12    -110.925E-12    -12.1123E-12
              67     348.501E-12     345.826E-12    -42.8260E-12     4.87805E-12
              68     348.501E-12     345.826E-12     42.8260E-12     4.87805E-12
              69     405.455E-12     365.877E-12     174.183E-12     13.7094E-12
              70     412.066E-12     366.722E-12     187.851E-12    -5.10348E-12
              71     372.009E-12     354.880E-12     110.925E-12    -12.1123E-12
              72     351.092E-12     351.089E-12    -1.39359E-24     1.45927E-12
              73     176.944E-12     146.288E-12    -99.2803E-12     7.23580E-12
              74     199.689E-12     150.182E-12    -131.601E-12    -1.50708E-12
              75     153.885E-12     139.745E-12    -64.2069E-12    -5.41014E-12
              76     145.801E-12     143.277E-12    -26.9711E-12     1.49712E-12
              77     145.801E-12     143.277E-12     26.9711E-12     1.49712E-12
              78     176.944E-12     146.288E-12     99.2803E-12     7.23580E-12
              79     199.689E-12     150.182E-12     131.601E-12    -1.50708E-12
              80     153.885E-12     139.745E-12     64.2069E-12    -5.41014E-12
              81     149.799E-12     149.799E-12    -268.017E-27     498.953E-15
              82     70.9213E-12     43.1029E-12    -53.8202E-12     16.5937E-12
              83     75.2689E-12     47.6355E-12    -58.0314E-12    -5.35006E-12
              84     49.7990E-12     30.7809E-12    -36.0314E-12    -15.3043E-12
              85     26.3712E-12     23.5652E-12    -11.0125E-12     4.34120E-12
              86     26.3712E-12     23.5652E-12     11.0125E-12     4.34120E-12
              87     70.9213E-12     43.1029E-12     53.8202E-12     16.5937E-12
              88     75.2689E-12     47.6355E-12     58.0314E-12    -5.35006E-12
              89     49.7990E-12     30.7809E-12     36.0314E-12    -15.3043E-12
              90     33.2467E-12     33.2361E-12     354.243E-27     839.099E-15
              91              0.     837.504E-39    -16.2789E-36     1.47495E-36
              92              0.     1.87734E-36    -31.0539E-36    -174.597E-39
              93              0.    -375.191E-39    -11.2485E-36    -1.30670E-36
              94              0.     629.656E-39    -5.65299E-36     171.234E-39
              95              0.     629.656E-39     5.65299E-36     171.234E-39
              96              0.     837.504E-39     16.2789E-36     1.47495E-36
              97              0.     1.87734E-36     31.0539E-36    -174.597E-39
              98              0.    -375.191E-39     11.2485E-36    -1.30670E-36
              99              0.     4.06138E-36             -0.    -329.764E-39


  Minimum                     0.    -375.191E-39    -627.589E-12    -15.3043E-12
         At Node              99              98              10              89

  Maximum            8.16057E-09     8.16057E-09     627.589E-12     18.3264E-12
         At Node               9               9              15              24

           Total     228.478E-09     226.696E-09    -83.6046E-24     199.980E-12


