********************************************************************************
Field Output Report, written Tue Nov 29 19:10:26 2016

Source 1
---------

   ODB: E:/Chigozie Obidigbo Samples/Project2Wfem/beam/Tapered_Beam.odb
   Step: Step-1
   Frame: Increment      1: Step Time =    1.000

Loc 1 : Nodal values from source 1

Output sorted by column "Node Label".

Field Output reported at nodes for part: TAPPERED_BEAM1-1

      Node Label     U.Magnitude            U.U1            U.U2            U.U3
                          @Loc 1          @Loc 1          @Loc 1          @Loc 1
---------------------------------------------------------------------------------
               1              0.     381.175E-39     1.93944E-36    -520.895E-39
               2              0.     755.987E-39     3.83635E-36    -596.757E-39
               3              0.     659.162E-39     3.91009E-36              0.
               4              0.     755.987E-39     3.83635E-36     596.757E-39
               5              0.     381.175E-39     1.93944E-36     520.895E-39
               6              0.     89.7115E-39     2.56670E-36    -711.630E-39
               7              0.     1.08078E-36     5.05319E-36    -938.174E-39
               8              0.     1.48199E-36     5.18823E-36              0.
               9              0.     1.08078E-36     5.05319E-36     938.174E-39
              10              0.     89.7115E-39     2.56670E-36     711.630E-39
              11              0.    -475.570E-39              0.             -0.
              12              0.    -673.387E-39              0.             -0.
              13              0.    -1.21502E-36             -0.              0.
              14              0.    -673.387E-39             -0.             -0.
              15              0.    -475.570E-39             -0.             -0.
              16              0.     89.7115E-39    -2.56670E-36     711.630E-39
              17              0.     1.08078E-36    -5.05319E-36     938.174E-39
              18              0.     1.48199E-36    -5.18823E-36             -0.
              19              0.     1.08078E-36    -5.05319E-36    -938.174E-39
              20              0.     89.7115E-39    -2.56670E-36    -711.630E-39
              21              0.     381.175E-39    -1.93944E-36     520.895E-39
              22              0.     755.987E-39    -3.83635E-36     596.757E-39
              23              0.     659.162E-39    -3.91009E-36              0.
              24              0.     755.987E-39    -3.83635E-36    -596.757E-39
              25              0.     381.175E-39    -1.93944E-36    -520.895E-39
              26     2.54858E-12     946.843E-15     1.89608E-12    -1.41549E-12
              27     2.61698E-12     1.76646E-12     1.84564E-12    -567.306E-15
              28     3.30040E-12     2.14750E-12     2.50618E-12     6.16260E-27
              29     2.61698E-12     1.76646E-12     1.84564E-12     567.306E-15
              30     2.54858E-12     946.843E-15     1.89608E-12     1.41549E-12
              31     1.52702E-12     413.601E-15     1.14519E-12    -921.545E-15
              32     1.08258E-12     429.351E-15     938.958E-15    -325.581E-15
              33     1.12672E-12     505.953E-15     1.00674E-12     3.07340E-27
              34     1.08258E-12     429.351E-15     938.958E-15     325.581E-15
              35     1.52702E-12     413.601E-15     1.14519E-12     921.545E-15
              36     113.784E-15     113.784E-15     32.3192E-27    -2.06997E-27
              37     322.595E-15     322.595E-15     16.1622E-27    -18.1848E-27
              38     1.09168E-12     1.09168E-12    -31.8777E-27    -18.8776E-27
              39     322.595E-15     322.595E-15    -9.32128E-27    -15.6533E-27
              40     113.784E-15     113.784E-15    -51.1464E-27    -51.6231E-27
              41     1.52702E-12     413.601E-15    -1.14519E-12     921.545E-15
              42     1.08258E-12     429.351E-15    -938.958E-15     325.581E-15
              43     1.12672E-12     505.953E-15    -1.00674E-12    -6.19098E-27
              44     1.08258E-12     429.351E-15    -938.958E-15    -325.581E-15
              45     1.52702E-12     413.601E-15    -1.14519E-12    -921.545E-15
              46     2.54858E-12     946.843E-15    -1.89608E-12     1.41549E-12
              47     2.61698E-12     1.76646E-12    -1.84564E-12     567.306E-15
              48     3.30040E-12     2.14750E-12    -2.50618E-12    -17.8803E-27
              49     2.61698E-12     1.76646E-12    -1.84564E-12    -567.306E-15
              50     2.54858E-12     946.843E-15    -1.89608E-12    -1.41549E-12
              51     4.89689E-12     2.66123E-12     3.71426E-12    -1.76115E-12
              52     5.29577E-12     2.78634E-12     4.39746E-12    -971.512E-15
              53     4.71673E-12     2.70602E-12     3.86328E-12     3.35739E-27
              54     5.29577E-12     2.78634E-12     4.39746E-12     971.512E-15
              55     4.89689E-12     2.66123E-12     3.71426E-12     1.76115E-12
              56     2.65103E-12     1.47161E-12     2.06171E-12    -782.111E-15
              57     4.06914E-12     3.06710E-12     2.61437E-12    -562.034E-15
              58     4.18376E-12     3.30005E-12     2.57167E-12    -43.7586E-27
              59     4.06914E-12     3.06710E-12     2.61437E-12     562.034E-15
              60     2.65103E-12     1.47161E-12     2.06171E-12     782.111E-15
              61     1.26787E-12     1.26787E-12     55.8387E-27    -89.2991E-27
              62     2.46495E-12     2.46495E-12     49.2344E-27    -46.7765E-27
              63     1.14238E-12     1.14238E-12     47.4488E-27    -21.7655E-27
              64     2.46495E-12     2.46495E-12    -59.3576E-27    -46.1038E-27
              65     1.26787E-12     1.26787E-12    -65.3820E-27    -32.4127E-27
              66     2.65103E-12     1.47161E-12    -2.06171E-12     782.111E-15
              67     4.06914E-12     3.06710E-12    -2.61437E-12     562.034E-15
              68     4.18376E-12     3.30005E-12    -2.57167E-12    -74.6010E-27
              69     4.06914E-12     3.06710E-12    -2.61437E-12    -562.034E-15
              70     2.65103E-12     1.47161E-12    -2.06171E-12    -782.111E-15
              71     4.89689E-12     2.66123E-12    -3.71426E-12     1.76115E-12
              72     5.29577E-12     2.78634E-12    -4.39746E-12     971.512E-15
              73     4.71673E-12     2.70602E-12    -3.86328E-12    -30.7403E-27
              74     5.29577E-12     2.78634E-12    -4.39746E-12    -971.512E-15
              75     4.89689E-12     2.66123E-12    -3.71426E-12    -1.76115E-12
              76     8.41663E-12     5.08453E-12     6.43536E-12    -1.89032E-12
              77     9.72274E-12     6.85451E-12     6.81530E-12    -1.04839E-12
              78     10.8073E-12     7.62534E-12     7.65852E-12    -67.3301E-27
              79     9.72274E-12     6.85451E-12     6.81530E-12     1.04839E-12
              80     8.41663E-12     5.08453E-12     6.43536E-12     1.89032E-12
              81     6.59705E-12     5.43371E-12     3.55972E-12    -1.15079E-12
              82     6.03446E-12     4.82122E-12     3.60157E-12    -446.361E-15
              83     6.33160E-12     5.06182E-12     3.80358E-12    -48.3351E-27
              84     6.03446E-12     4.82122E-12     3.60157E-12     446.361E-15
              85     6.59705E-12     5.43371E-12     3.55972E-12     1.15079E-12
              86     5.10783E-12     5.10783E-12     147.519E-27    -77.4575E-27
              87     5.02378E-12     5.02378E-12    -3.85569E-27    -93.7806E-27
              88     7.64507E-12     7.64507E-12    -81.3251E-27    -135.889E-27
              89     5.02378E-12     5.02378E-12    -72.2967E-27    -107.564E-27
              90     5.10783E-12     5.10783E-12    -128.573E-27    -155.633E-27
              91     6.59705E-12     5.43371E-12    -3.55972E-12     1.15079E-12
              92     6.03446E-12     4.82122E-12    -3.60157E-12     446.361E-15
              93     6.33160E-12     5.06182E-12    -3.80358E-12    -74.2160E-27
              94     6.03446E-12     4.82122E-12    -3.60157E-12    -446.361E-15
              95     6.59705E-12     5.43371E-12    -3.55972E-12    -1.15079E-12
              96     8.41663E-12     5.08453E-12    -6.43536E-12     1.89032E-12
              97     9.72274E-12     6.85451E-12    -6.81530E-12     1.04839E-12
              98     10.8073E-12     7.62534E-12    -7.65852E-12    -155.148E-27
              99     9.72274E-12     6.85451E-12    -6.81530E-12    -1.04839E-12
             100     8.41663E-12     5.08453E-12    -6.43536E-12    -1.89032E-12
             101     14.3223E-12     10.8799E-12     9.04307E-12    -2.23133E-12
             102     14.4639E-12     10.4750E-12     9.92474E-12    -988.925E-15
             103     13.7923E-12     10.0967E-12     9.39597E-12    -89.6398E-27
             104     14.4639E-12     10.4750E-12     9.92474E-12     988.925E-15
             105     14.3223E-12     10.8799E-12     9.04307E-12     2.23133E-12
             106     9.85650E-12     8.68367E-12     4.58101E-12    -871.113E-15
             107     12.6992E-12     11.5125E-12     5.31760E-12    -674.808E-15
             108     12.9766E-12     11.8048E-12     5.38863E-12    -168.337E-27
             109     12.6992E-12     11.5125E-12     5.31760E-12     674.808E-15
             110     9.85650E-12     8.68367E-12     4.58101E-12     871.113E-15
             111     8.66134E-12     8.66134E-12     70.1013E-27    -269.248E-27
             112     10.7490E-12     10.7490E-12     161.343E-27    -163.345E-27
             113     7.73707E-12     7.73707E-12     78.0728E-27    -144.444E-27
             114     10.7490E-12     10.7490E-12    -105.729E-27    -172.708E-27
             115     8.66134E-12     8.66134E-12    -182.687E-27    -143.181E-27
             116     9.85650E-12     8.68367E-12    -4.58101E-12     871.113E-15
             117     12.6992E-12     11.5125E-12    -5.31760E-12     674.808E-15
             118     12.9766E-12     11.8048E-12    -5.38863E-12    -238.918E-27
             119     12.6992E-12     11.5125E-12    -5.31760E-12    -674.808E-15
             120     9.85650E-12     8.68367E-12    -4.58101E-12    -871.113E-15
             121     14.3223E-12     10.8799E-12    -9.04307E-12     2.23133E-12
             122     14.4639E-12     10.4750E-12    -9.92474E-12     988.925E-15
             123     13.7923E-12     10.0967E-12    -9.39597E-12    -183.773E-27
             124     14.4639E-12     10.4750E-12    -9.92474E-12    -988.925E-15
             125     14.3223E-12     10.8799E-12    -9.04307E-12    -2.23133E-12
             126     20.5550E-12     16.4885E-12     12.1159E-12    -1.96029E-12
             127     23.1138E-12     19.2007E-12     12.7991E-12    -1.32799E-12
             128     24.5822E-12     20.3694E-12     13.7613E-12    -250.239E-27
             129     23.1138E-12     19.2007E-12     12.7991E-12     1.32799E-12
             130     20.5550E-12     16.4885E-12     12.1159E-12     1.96029E-12
             131     18.9873E-12     17.7547E-12     6.58130E-12    -1.40596E-12
             132     17.3880E-12     16.0956E-12     6.56483E-12    -420.755E-15
             133     17.7671E-12     16.4347E-12     6.75061E-12    -181.097E-27
             134     17.3880E-12     16.0956E-12     6.56483E-12     420.755E-15
             135     18.9873E-12     17.7547E-12     6.58130E-12     1.40596E-12
             136     17.1259E-12     17.1259E-12     233.955E-27    -221.064E-27
             137     16.3161E-12     16.3161E-12     6.67943E-27    -302.266E-27
             138     21.0460E-12     21.0460E-12    -208.187E-27    -366.255E-27
             139     16.3161E-12     16.3161E-12    -60.5110E-27    -266.008E-27
             140     17.1259E-12     17.1259E-12    -270.722E-27    -446.768E-27
             141     18.9873E-12     17.7547E-12    -6.58130E-12     1.40596E-12
             142     17.3880E-12     16.0956E-12    -6.56483E-12     420.755E-15
             143     17.7671E-12     16.4347E-12    -6.75061E-12    -249.331E-27
             144     17.3880E-12     16.0956E-12    -6.56483E-12    -420.755E-15
             145     18.9873E-12     17.7547E-12    -6.58130E-12    -1.40596E-12
             146     20.5550E-12     16.4885E-12    -12.1159E-12     1.96029E-12
             147     23.1138E-12     19.2007E-12    -12.7991E-12     1.32799E-12
             148     24.5822E-12     20.3694E-12    -13.7613E-12    -433.179E-27
             149     23.1138E-12     19.2007E-12    -12.7991E-12    -1.32799E-12
             150     20.5550E-12     16.4885E-12    -12.1159E-12    -1.96029E-12
             151     32.3980E-12     28.2170E-12     15.6806E-12    -2.74800E-12
             152     31.5203E-12     26.9504E-12     16.3181E-12    -963.006E-15
             153     30.7003E-12     26.3718E-12     15.7174E-12    -269.956E-27
             154     31.5203E-12     26.9504E-12     16.3181E-12     963.006E-15
             155     32.3980E-12     28.2170E-12     15.6806E-12     2.74800E-12
             156     25.8470E-12     24.6781E-12     7.63432E-12    -883.056E-15
             157     30.2961E-12     28.9939E-12     8.74123E-12    -893.175E-15
             158     30.5874E-12     29.2645E-12     8.89806E-12    -438.430E-27
             159     30.2961E-12     28.9939E-12     8.74123E-12     893.175E-15
             160     25.8470E-12     24.6781E-12     7.63432E-12     883.056E-15
             161     24.9211E-12     24.9211E-12     169.272E-27    -566.094E-27
             162     28.1856E-12     28.1856E-12     203.261E-27    -416.014E-27
             163     22.6716E-12     22.6716E-12     205.787E-27    -381.375E-27
             164     28.1856E-12     28.1856E-12    -260.102E-27    -465.085E-27
             165     24.9211E-12     24.9211E-12    -235.396E-27    -327.383E-27
             166     25.8470E-12     24.6781E-12    -7.63432E-12     883.056E-15
             167     30.2961E-12     28.9939E-12    -8.74123E-12     893.175E-15
             168     30.5874E-12     29.2645E-12    -8.89806E-12    -569.406E-27
             169     30.2961E-12     28.9939E-12    -8.74123E-12    -893.175E-15
             170     25.8470E-12     24.6781E-12    -7.63432E-12    -883.056E-15
             171     32.3980E-12     28.2170E-12    -15.6806E-12     2.74800E-12
             172     31.5203E-12     26.9504E-12    -16.3181E-12     963.006E-15
             173     30.7003E-12     26.3718E-12    -15.7174E-12    -484.191E-27
             174     31.5203E-12     26.9504E-12    -16.3181E-12    -963.006E-15
             175     32.3980E-12     28.2170E-12    -15.6806E-12    -2.74800E-12
             176     43.7191E-12     39.3253E-12     18.9790E-12    -2.16151E-12
             177     47.9846E-12     43.4260E-12     20.3373E-12    -1.75864E-12
             178     49.5404E-12     44.6303E-12     21.5031E-12    -522.642E-27
             179     47.9846E-12     43.4260E-12     20.3373E-12     1.75864E-12
             180     43.7191E-12     39.3253E-12     18.9790E-12     2.16151E-12
             181     43.2497E-12     41.9230E-12     10.4862E-12    -1.74339E-12
             182     40.1202E-12     38.8471E-12     10.0208E-12    -351.026E-15
             183     40.6078E-12     39.3294E-12     10.1092E-12    -534.001E-27
             184     40.1202E-12     38.8471E-12     10.0208E-12     351.026E-15
             185     43.2497E-12     41.9230E-12     10.4862E-12     1.74339E-12
             186     40.8483E-12     40.8483E-12     585.953E-27    -738.727E-27
             187     38.9788E-12     38.9788E-12    -284.179E-27    -631.404E-27
             188     47.1221E-12     47.1221E-12    -32.9176E-27    -711.919E-27
             189     38.9788E-12     38.9788E-12    -343.312E-27    -752.239E-27
             190     40.8483E-12     40.8483E-12    -113.933E-27    -647.604E-27
             191     43.2497E-12     41.9230E-12    -10.4862E-12     1.74339E-12
             192     40.1202E-12     38.8471E-12    -10.0208E-12     351.026E-15
             193     40.6078E-12     39.3294E-12    -10.1092E-12    -680.793E-27
             194     40.1202E-12     38.8471E-12    -10.0208E-12    -351.026E-15
             195     43.2497E-12     41.9230E-12    -10.4862E-12    -1.74339E-12
             196     43.7191E-12     39.3253E-12    -18.9790E-12     2.16151E-12
             197     47.9846E-12     43.4260E-12    -20.3373E-12     1.75864E-12
             198     49.5404E-12     44.6303E-12    -21.5031E-12    -857.307E-27
             199     47.9846E-12     43.4260E-12    -20.3373E-12    -1.75864E-12
             200     43.7191E-12     39.3253E-12    -18.9790E-12    -2.16151E-12
             201     65.9796E-12     61.3203E-12     24.1235E-12    -3.34556E-12
             202     63.6683E-12     58.8518E-12     24.2724E-12    -980.323E-15
             203     63.4442E-12     58.9122E-12     23.5481E-12    -676.207E-27
             204     63.6683E-12     58.8518E-12     24.2724E-12     980.323E-15
             205     65.9796E-12     61.3203E-12     24.1235E-12     3.34556E-12
             206     57.0899E-12     55.9476E-12     11.3181E-12    -1.01428E-12
             207     63.7411E-12     62.3410E-12     13.2342E-12    -1.17203E-12
             208     64.0220E-12     62.5503E-12     13.6486E-12    -810.981E-27
             209     63.7411E-12     62.3410E-12     13.2342E-12     1.17203E-12
             210     57.0899E-12     55.9476E-12     11.3181E-12     1.01428E-12
             211     56.7497E-12     56.7497E-12     241.750E-27    -806.304E-27
             212     61.5538E-12     61.5538E-12     316.595E-27    -969.161E-27
             213     51.4605E-12     51.4605E-12     176.044E-27    -882.111E-27
             214     61.5538E-12     61.5538E-12    -291.307E-27    -769.928E-27
             215     56.7497E-12     56.7497E-12    -423.728E-27    -1.10346E-24
             216     57.0899E-12     55.9476E-12    -11.3181E-12     1.01428E-12
             217     63.7411E-12     62.3410E-12    -13.2342E-12     1.17203E-12
             218     64.0220E-12     62.5503E-12    -13.6486E-12    -1.09494E-24
             219     63.7411E-12     62.3410E-12    -13.2342E-12    -1.17203E-12
             220     57.0899E-12     55.9476E-12    -11.3181E-12    -1.01428E-12
             221     65.9796E-12     61.3203E-12    -24.1235E-12     3.34556E-12
             222     63.6683E-12     58.8518E-12    -24.2724E-12     980.323E-15
             223     63.4442E-12     58.9122E-12    -23.5481E-12    -1.09619E-24
             224     63.6683E-12     58.8518E-12    -24.2724E-12    -980.323E-15
             225     65.9796E-12     61.3203E-12    -24.1235E-12    -3.34556E-12
             226     88.2300E-12     83.6088E-12     28.0714E-12    -2.47110E-12
             227     94.4752E-12     89.5008E-12     30.1850E-12    -2.00588E-12
             228     94.6053E-12     89.2673E-12     31.3290E-12    -866.499E-27
             229     94.4752E-12     89.5008E-12     30.1850E-12     2.00588E-12
             230     88.2300E-12     83.6088E-12     28.0714E-12     2.47110E-12
             231     89.3380E-12     87.9559E-12     15.5394E-12    -1.88996E-12
             232     84.0972E-12     82.8486E-12     14.4323E-12    -382.802E-15
             233     84.8397E-12     83.6322E-12     14.2630E-12    -1.22300E-24
             234     84.0972E-12     82.8486E-12     14.4323E-12     382.802E-15
             235     89.3380E-12     87.9559E-12     15.5394E-12     1.88996E-12
             236     85.9146E-12     85.9146E-12     386.765E-27    -1.45014E-24
             237     82.8078E-12     82.8078E-12    -79.9716E-27    -1.31549E-24
             238     97.6081E-12     97.6081E-12    -231.082E-27    -1.27640E-24
             239     82.8078E-12     82.8078E-12    -217.044E-27    -1.58112E-24
             240     85.9146E-12     85.9146E-12    -355.429E-27    -921.995E-27
             241     89.3380E-12     87.9559E-12    -15.5394E-12     1.88996E-12
             242     84.0972E-12     82.8486E-12    -14.4323E-12     382.802E-15
             243     84.8397E-12     83.6322E-12    -14.2630E-12    -1.46862E-24
             244     84.0972E-12     82.8486E-12    -14.4323E-12    -382.802E-15
             245     89.3380E-12     87.9559E-12    -15.5394E-12    -1.88996E-12
             246     88.2300E-12     83.6088E-12    -28.0714E-12     2.47110E-12
             247     94.4752E-12     89.5008E-12    -30.1850E-12     2.00588E-12
             248     94.6053E-12     89.2673E-12    -31.3290E-12    -1.56612E-24
             249     94.4752E-12     89.5008E-12    -30.1850E-12    -2.00588E-12
             250     88.2300E-12     83.6088E-12    -28.0714E-12    -2.47110E-12
             251     130.406E-12     125.568E-12     34.9624E-12    -3.99266E-12
             252     126.381E-12     121.419E-12     35.0241E-12    -1.70003E-12
             253     129.225E-12     124.432E-12     34.8663E-12    -1.34730E-24
             254     126.381E-12     121.419E-12     35.0241E-12     1.70003E-12
             255     130.406E-12     125.568E-12     34.9624E-12     3.99266E-12
             256     119.025E-12     117.855E-12     16.5516E-12    -1.73027E-12
             257     128.505E-12     127.095E-12     18.9468E-12    -1.18731E-12
             258     128.382E-12     126.883E-12     19.5626E-12    -1.54896E-24
             259     128.505E-12     127.095E-12     18.9468E-12     1.18731E-12
             260     119.025E-12     117.855E-12     16.5516E-12     1.73027E-12
             261     119.916E-12     119.916E-12    -23.4146E-27    -1.88202E-24
             262     126.558E-12     126.558E-12     508.385E-27    -1.67576E-24
             263     107.135E-12     107.135E-12    -217.688E-27    -1.58667E-24
             264     126.558E-12     126.558E-12    -78.9978E-27    -1.70302E-24
             265     119.916E-12     119.916E-12    -820.278E-27    -1.76798E-24
             266     119.025E-12     117.855E-12    -16.5516E-12     1.73027E-12
             267     128.505E-12     127.095E-12    -18.9468E-12     1.18731E-12
             268     128.382E-12     126.883E-12    -19.5626E-12    -2.03016E-24
             269     128.505E-12     127.095E-12    -18.9468E-12    -1.18731E-12
             270     119.025E-12     117.855E-12    -16.5516E-12    -1.73027E-12
             271     130.406E-12     125.568E-12    -34.9624E-12     3.99266E-12
             272     126.381E-12     121.419E-12    -35.0241E-12     1.70003E-12
             273     129.225E-12     124.432E-12    -34.8663E-12    -2.09424E-24
             274     126.381E-12     121.419E-12    -35.0241E-12    -1.70003E-12
             275     130.406E-12     125.568E-12    -34.9624E-12    -3.99266E-12
             276     178.012E-12     173.279E-12     40.6526E-12    -3.21002E-12
             277     187.366E-12     182.424E-12     42.7301E-12    -1.26948E-12
             278     182.814E-12     177.691E-12     42.9759E-12    -1.82440E-24
             279     187.366E-12     182.424E-12     42.7301E-12     1.26948E-12
             280     178.012E-12     173.279E-12     40.6526E-12     3.21002E-12
             281     181.484E-12     180.241E-12     21.1772E-12    -1.02621E-12
             282     173.860E-12     172.611E-12     20.7752E-12    -1.07529E-12
             283     175.861E-12     174.608E-12     20.9540E-12    -2.17521E-24
             284     173.860E-12     172.611E-12     20.7752E-12     1.07529E-12
             285     181.484E-12     180.241E-12     21.1772E-12     1.02621E-12
             286     176.512E-12     176.512E-12     402.281E-27    -1.75695E-24
             287     171.752E-12     171.752E-12     35.6952E-27    -2.72128E-24
             288     200.126E-12     200.126E-12    -126.016E-27    -2.52355E-24
             289     171.752E-12     171.752E-12    -247.473E-27    -2.12963E-24
             290     176.512E-12     176.512E-12    -296.763E-27    -2.66355E-24
             291     181.484E-12     180.241E-12    -21.1772E-12     1.02621E-12
             292     173.860E-12     172.611E-12    -20.7752E-12     1.07529E-12
             293     175.861E-12     174.608E-12    -20.9540E-12    -2.55142E-24
             294     173.860E-12     172.611E-12    -20.7752E-12    -1.07529E-12
             295     181.484E-12     180.241E-12    -21.1772E-12    -1.02621E-12
             296     178.012E-12     173.279E-12    -40.6526E-12     3.21002E-12
             297     187.366E-12     182.424E-12    -42.7301E-12     1.26948E-12
             298     182.814E-12     177.691E-12    -42.9759E-12    -2.61725E-24
             299     187.366E-12     182.424E-12    -42.7301E-12    -1.26948E-12
             300     178.012E-12     173.279E-12    -40.6526E-12    -3.21002E-12
             301     268.340E-12     264.171E-12     47.0842E-12    -1.76906E-12
             302     258.934E-12     254.355E-12     48.4108E-12    -2.60107E-12
             303     268.494E-12     263.978E-12     49.0390E-12    -2.71782E-24
             304     258.934E-12     254.355E-12     48.4108E-12     2.60107E-12
             305     268.340E-12     264.171E-12     47.0842E-12     1.76906E-12
             306     253.862E-12     252.735E-12     23.6814E-12    -3.22886E-12
             307     265.486E-12     264.382E-12     24.1788E-12     531.579E-15
             308     262.832E-12     261.751E-12     23.8148E-12    -2.50517E-24
             309     265.486E-12     264.382E-12     24.1788E-12    -531.579E-15
             310     253.862E-12     252.735E-12     23.6814E-12     3.22886E-12
             311     256.836E-12     256.836E-12    -131.383E-27    -3.31216E-24
             312     265.751E-12     265.751E-12     565.104E-27    -2.72788E-24
             313     226.672E-12     226.672E-12    -500.920E-27    -2.82733E-24
             314     265.751E-12     265.751E-12     177.128E-27    -3.12702E-24
             315     256.836E-12     256.836E-12    -1.16927E-24    -3.07739E-24
             316     253.862E-12     252.735E-12    -23.6814E-12     3.22886E-12
             317     265.486E-12     264.382E-12    -24.1788E-12    -531.579E-15
             318     262.832E-12     261.751E-12    -23.8148E-12    -3.34348E-24
             319     265.486E-12     264.382E-12    -24.1788E-12     531.579E-15
             320     253.862E-12     252.735E-12    -23.6814E-12    -3.22886E-12
             321     268.340E-12     264.171E-12    -47.0842E-12     1.76906E-12
             322     258.934E-12     254.355E-12    -48.4108E-12     2.60107E-12
             323     268.494E-12     263.978E-12    -49.0390E-12    -3.55732E-24
             324     258.934E-12     254.355E-12    -48.4108E-12    -2.60107E-12
             325     268.340E-12     264.171E-12    -47.0842E-12    -1.76906E-12
             326     398.276E-12     395.736E-12     44.4767E-12    -6.19825E-12
             327     359.026E-12     356.447E-12     42.9546E-12     550.378E-15
             328     402.717E-12     400.411E-12     43.0378E-12    -3.21157E-24
             329     359.026E-12     356.447E-12     42.9546E-12    -550.378E-15
             330     398.276E-12     395.736E-12     44.4767E-12     6.19825E-12
             331     352.103E-12     351.545E-12     19.5998E-12     2.93080E-12
             332     400.727E-12     400.103E-12     22.0515E-12    -3.61709E-12
             333     348.704E-12     347.909E-12     23.5240E-12    -3.23198E-24
             334     400.727E-12     400.103E-12     22.0515E-12     3.61709E-12
             335     352.103E-12     351.545E-12     19.5998E-12    -2.93080E-12
             336     404.634E-12     404.634E-12     815.594E-27    -3.39917E-24
             337     337.676E-12     337.676E-12    -1.28439E-24    -3.50542E-24
             338     453.798E-12     453.798E-12     764.490E-27    -4.15139E-24
             339     337.676E-12     337.676E-12    -1.38463E-24    -2.91654E-24
             340     404.634E-12     404.634E-12     1.23117E-24    -3.95636E-24
             341     352.103E-12     351.545E-12    -19.5998E-12    -2.93080E-12
             342     400.727E-12     400.103E-12    -22.0515E-12     3.61709E-12
             343     348.704E-12     347.909E-12    -23.5240E-12    -3.24632E-24
             344     400.727E-12     400.103E-12    -22.0515E-12    -3.61709E-12
             345     352.103E-12     351.545E-12    -19.5998E-12     2.93080E-12
             346     398.276E-12     395.736E-12    -44.4767E-12     6.19825E-12
             347     359.026E-12     356.447E-12    -42.9546E-12    -550.378E-15
             348     402.717E-12     400.411E-12    -43.0378E-12    -4.36746E-24
             349     359.026E-12     356.447E-12    -42.9546E-12     550.378E-15
             350     398.276E-12     395.736E-12    -44.4767E-12    -6.19825E-12


  Minimum                     0.    -1.21502E-36    -49.0390E-12    -6.19825E-12
         At Node              25              13             323             350

  Maximum            453.798E-12     453.798E-12     49.0390E-12     6.19825E-12
         At Node             338             338             303             346

           Total     30.3342E-09     29.6882E-09    -2.74004E-24    -131.363E-24


