/BATCH  
/COM,ANSYS RELEASE Release 18.2      BUILD 18.2      UP20170726       03:26:23
/input,menust,tmp,  
/GRA,POWER
/GST,ON
/PLO,INFO,3
/GRO,CURL,ON
/CPLANE,1   
/REPLOT,RESIZE  
WPSTYLE,,,,,,,,0
RESUME  
/COM,ANSYS RELEASE Release 18.2      BUILD 18.2      UP20170726       03:26:29
RESUME  
/COM,ANSYS RELEASE Release 18.2      BUILD 18.2      UP20170726       03:26:36
/CLEAR,NOSTART  
/COM,ANSYS RELEASE Release 18.2      BUILD 18.2      UP20170726       03:26:58
RESUME  
/COM,ANSYS RELEASE Release 18.2      BUILD 18.2      UP20170726       03:26:58
/CLEAR,NOSTART  
/COM,ANSYS RELEASE Release 18.2      BUILD 18.2      UP20170726       03:27:26
RESUME,'wing','db','./babaharathisaibaba/',,
/COM,ANSYS RELEASE Release 18.2      BUILD 18.2      UP20170726       03:27:26
EPLOT   
!*  
/PSF,DEFA, ,1,0,1   
/PBF,DEFA, ,1   
/PSYMB,CS,0 
/PSYMB,NDIR,0   
/PSYMB,ESYS,0   
/PSYMB,LDIV,0   
/PSYMB,LDIR,0   
/PSYMB,ADIR,0   
/PSYMB,ECON,0   
/PSYMB,XNODE,0  
/PSYMB,DOT,1
/PSYMB,PCONV,   
/PSYMB,LAYR,0   
/PSYMB,FBCS,0   
!*  
/PBC,ALL,,1 
/PBC,NFOR,,0
/PBC,NMOM,,0
/PBC,RFOR,,0
/PBC,RMOM,,0
/PBC,PATH,,0
/REP
!*  
/SOLU   
FINISH  
/PREP7  
FLST,2,1,5,ORDE,1   
FITEM,2,3   
!*  
/GO 
DA,P51X,ALL,0   
FLST,2,3,5,ORDE,2   
FITEM,2,1   
FITEM,2,-3  
AESIZE,P51X,.05,
MSHAPE,1,2D 
MSHKEY,0
!*  
FLST,5,3,5,ORDE,2   
FITEM,5,1   
FITEM,5,-3  
CM,_Y,AREA  
ASEL, , , ,P51X 
CM,_Y1,AREA 
CHKMSH,'AREA'   
CMSEL,S,_Y  
!*  
AMESH,_Y1   
/BATCH  
/COM,ANSYS RELEASE Release 18.2      BUILD 18.2      UP20170726       03:30:34
/input,menust,tmp,  
/GRA,POWER
/GST,ON
/PLO,INFO,3
/GRO,CURL,ON
/CPLANE,1   
/REPLOT,RESIZE  
WPSTYLE,,,,,,,,0
RESUME,'wing','db','',, 
/COM,ANSYS RELEASE Release 18.2      BUILD 18.2      UP20170726       03:30:49
/CLEAR,NOSTART  
/COM,ANSYS RELEASE Release 18.2      BUILD 18.2      UP20170726       03:31:06
RESUME,'wing','db','./babaharathisaibaba/',,
/COM,ANSYS RELEASE Release 18.2      BUILD 18.2      UP20170726       03:31:06
/SOLU   
FLST,2,1,5,ORDE,1   
FITEM,2,3   
!*  
/GO 
DA,P51X,ALL,0   
FINISH  
/PREP7  
FLST,5,2,4,ORDE,2   
FITEM,5,3   
FITEM,5,-4  
CM,_Y,LINE  
LSEL, , , ,P51X 
CM,_Y1,LINE 
CMSEL,,_Y   
!*  
LESIZE,_Y1, , ,1000, , , , ,1   
!*  
MSHAPE,0,2D 
MSHKEY,0
!*  
FLST,5,3,5,ORDE,2   
FITEM,5,1   
FITEM,5,-3  
CM,_Y,AREA  
ASEL, , , ,P51X 
CM,_Y1,AREA 
CHKMSH,'AREA'   
CMSEL,S,_Y  
!*  
AMESH,_Y1   
! AMESH,_Y1 
!*  
CMDELE,_Y   
CMDELE,_Y1  
CMDELE,_Y2  
!*  
FLST,2,3,5,ORDE,2   
FITEM,2,1   
FITEM,2,-3  
ACLEAR,P51X 
APLOT   
FLST,2,3,5,ORDE,2   
FITEM,2,1   
FITEM,2,-3  
FLST,5,2,4,ORDE,2   
FITEM,5,3   
FITEM,5,-4  
CM,_Y,LINE  
LSEL, , , ,P51X 
CM,_Y1,LINE 
CMSEL,,_Y   
!*  
LESIZE,_Y1,10, , , , , , ,1 
!*  
FLST,5,3,5,ORDE,2   
FITEM,5,1   
FITEM,5,-3  
CM,_Y,AREA  
ASEL, , , ,P51X 
CM,_Y1,AREA 
CHKMSH,'AREA'   
CMSEL,S,_Y  
!*  
AMESH,_Y1   
!*  
CMDELE,_Y   
CMDELE,_Y1  
CMDELE,_Y2  
!*  
/UI,MESH,OFF
FLST,2,3,5,ORDE,2   
FITEM,2,1   
FITEM,2,-3  
ACLEAR,P51X 
APLOT   
FLST,5,4,4,ORDE,4   
FITEM,5,1   
FITEM,5,3   
FITEM,5,-4  
FITEM,5,7   
CM,_Y,LINE  
LSEL, , , ,P51X 
CM,_Y1,LINE 
CMSEL,,_Y   
!*  
LESIZE,_Y1,10, , , , , , ,1 
!*  
FLST,5,4,4,ORDE,3   
FITEM,5,2   
FITEM,5,-4  
FITEM,5,8   
CM,_Y,LINE  
LSEL, , , ,P51X 
CM,_Y1,LINE 
CMSEL,,_Y   
!*  
LESIZE,_Y1,20, , , , , , ,1 
!*  
FLST,5,3,5,ORDE,2   
FITEM,5,1   
FITEM,5,-3  
CM,_Y,AREA  
ASEL, , , ,P51X 
CM,_Y1,AREA 
CHKMSH,'AREA'   
CMSEL,S,_Y  
!*  
! AMESH,_Y1 
!*  
CMDELE,_Y   
CMDELE,_Y1  
CMDELE,_Y2  
!*  
/UI,MESH,OFF
FLST,2,3,5,ORDE,2   
FITEM,2,1   
FITEM,2,-3  
ACLEAR,P51X 
APLOT   
FLST,5,4,4,ORDE,4   
FITEM,5,1   
FITEM,5,3   
FITEM,5,-4  
FITEM,5,7   
CM,_Y,LINE  
LSEL, , , ,P51X 
CM,_Y1,LINE 
CMSEL,,_Y   
!*  
LESIZE,_Y1,1, , , , , , ,1  
!*  
FLST,5,4,4,ORDE,3   
FITEM,5,2   
FITEM,5,-4  
FITEM,5,8   
CM,_Y,LINE  
LSEL, , , ,P51X 
CM,_Y1,LINE 
CMSEL,,_Y   
!*  
LESIZE,_Y1,20, , , , , , ,1 
!*  
FLST,5,3,5,ORDE,2   
FITEM,5,1   
FITEM,5,-3  
CM,_Y,AREA  
ASEL, , , ,P51X 
CM,_Y1,AREA 
CHKMSH,'AREA'   
CMSEL,S,_Y  
!*  
! AMESH,_Y1 
!*  
CMDELE,_Y   
CMDELE,_Y1  
CMDELE,_Y2  
!*  
FLST,2,3,5,ORDE,2   
FITEM,2,1   
FITEM,2,-3  
ACLEAR,P51X 
APLOT   
!*  
ET,2,SHELL281   
!*  
ETDEL,1 
!*  
ETDEL,2 
!*  
ET,1,SHELL281   
!*  
FLST,5,6,4,ORDE,4   
FITEM,5,1   
FITEM,5,-4  
FITEM,5,7   
FITEM,5,-8  
CM,_Y,LINE  
LSEL, , , ,P51X 
CM,_Y1,LINE 
CMSEL,,_Y   
!*  
LESIZE,_Y1,10, , , , , , ,1 
!*  
FLST,5,3,5,ORDE,2   
FITEM,5,1   
FITEM,5,-3  
CM,_Y,AREA  
ASEL, , , ,P51X 
CM,_Y1,AREA 
CHKMSH,'AREA'   
CMSEL,S,_Y  
!*  
! AMESH,_Y1 
!*  
CMDELE,_Y   
CMDELE,_Y1  
CMDELE,_Y2  
!*  
FLST,2,3,5,ORDE,2   
FITEM,2,1   
FITEM,2,-3  
ACLEAR,P51X 
APLOT   
FLST,2,1,5,ORDE,1   
FITEM,2,3   
AESIZE,P51X,10, 
FLST,5,4,4,ORDE,4   
FITEM,5,1   
FITEM,5,3   
FITEM,5,-4  
FITEM,5,7   
CM,_Y,LINE  
LSEL, , , ,P51X 
CM,_Y1,LINE 
CMSEL,,_Y   
!*  
LESIZE,_Y1, , ,90, , , , ,1 
!*  
FLST,5,2,5,ORDE,2   
FITEM,5,1   
FITEM,5,3   
CM,_Y,AREA  
ASEL, , , ,P51X 
CM,_Y1,AREA 
CHKMSH,'AREA'   
CMSEL,S,_Y  
!*  
! AMESH,_Y1 
!*  
CMDELE,_Y   
CMDELE,_Y1  
CMDELE,_Y2  
!*  
MSHAPE,1,2D 
!*  
CM,_Y,AREA  
ASEL, , , ,       1 
CM,_Y1,AREA 
CHKMSH,'AREA'   
CMSEL,S,_Y  
!*  
AMESH,_Y1   
!*  
CMDELE,_Y   
CMDELE,_Y1  
CMDELE,_Y2  
!*  
FLST,2,6,4,ORDE,4   
FITEM,2,1   
FITEM,2,-4  
FITEM,2,7   
FITEM,2,-8  
LESIZE,P51X, , ,-1, ,1  
FLST,5,2,4,ORDE,2   
FITEM,5,3   
FITEM,5,-4  
CM,_Y,LINE  
LSEL, , , ,P51X 
CM,_Y1,LINE 
CMSEL,,_Y   
!*  
LESIZE,_Y1, , ,80, , , , ,1 
!*  
FLST,5,2,5,ORDE,2   
FITEM,5,1   
FITEM,5,3   
CM,_Y,AREA  
ASEL, , , ,P51X 
CM,_Y1,AREA 
CHKMSH,'AREA'   
CMSEL,S,_Y  
!*  
! AMESH,_Y1 
!*  
CMDELE,_Y   
CMDELE,_Y1  
CMDELE,_Y2  
!*  
FLST,2,3,5,ORDE,2   
FITEM,2,1   
FITEM,2,-3  
ACLEAR,P51X 
APLOT   
FLST,2,6,4,ORDE,4   
FITEM,2,1   
FITEM,2,-4  
FITEM,2,7   
FITEM,2,-8  
LESIZE,P51X, , ,-1, ,1  
FLST,5,2,4,ORDE,2   
FITEM,5,3   
FITEM,5,-4  
CM,_Y,LINE  
LSEL, , , ,P51X 
CM,_Y1,LINE 
CMSEL,,_Y   
!*  
LESIZE,_Y1, , ,80, , , , ,1 
!*  
MSHAPE,0,2D 
!*  
FLST,5,3,5,ORDE,2   
FITEM,5,1   
FITEM,5,-3  
CM,_Y,AREA  
ASEL, , , ,P51X 
CM,_Y1,AREA 
CHKMSH,'AREA'   
CMSEL,S,_Y  
!*  
! AMESH,_Y1 
!*  
CMDELE,_Y   
CMDELE,_Y1  
CMDELE,_Y2  
!*  
FLST,2,3,5,ORDE,2   
FITEM,2,1   
FITEM,2,-3  
ACLEAR,P51X 
APLOT   
FLST,2,3,5,ORDE,2   
FITEM,2,1   
FITEM,2,-3  
AESIZE,P51X 
!*  
FLST,2,6,4,ORDE,4   
FITEM,2,1   
FITEM,2,-4  
FITEM,2,7   
FITEM,2,-8  
LESIZE,P51X, , ,-1, ,1  
FLST,5,2,4,ORDE,2   
FITEM,5,3   
FITEM,5,-4  
CM,_Y,LINE  
LSEL, , , ,P51X 
CM,_Y1,LINE 
CMSEL,,_Y   
!*  
LESIZE,_Y1,1, , , , , , ,1  
!*  
FLST,2,1,5,ORDE,1   
FITEM,2,3   
AESIZE,P51X,10, 
FLST,5,3,5,ORDE,2   
FITEM,5,1   
FITEM,5,-3  
CM,_Y,AREA  
ASEL, , , ,P51X 
CM,_Y1,AREA 
CHKMSH,'AREA'   
CMSEL,S,_Y  
!*  
AMESH,_Y1   
/COM   PREVIOUS AMES COMMAND WAS ABORTED DURING MESHING OF AREA     1   
/BATCH  
/COM,ANSYS RELEASE Release 18.2      BUILD 18.2      UP20170726       04:19:47
/input,menust,tmp,  
/GRA,POWER
/GST,ON
/PLO,INFO,3
/GRO,CURL,ON
/CPLANE,1   
/REPLOT,RESIZE  
WPSTYLE,,,,,,,,0
RESUME,'wing','db','./babaharathisaibaba/',,
/COM,ANSYS RELEASE Release 18.2      BUILD 18.2      UP20170726       04:20:00
/SOLU   
FINISH  
/PREP7  
ADELE,       3  
/VIEW,1,,,1 
/ANG,1  
/REP,FAST   
/VIEW,1,1,1,1   
/ANG,1  
/REP,FAST   
FLST,2,2,5,ORDE,2   
FITEM,2,1   
FITEM,2,-2  
AESIZE,P51X 
!*  
FLST,5,2,4,ORDE,2   
FITEM,5,3   
FITEM,5,-4  
CM,_Y,LINE  
LSEL, , , ,P51X 
CM,_Y1,LINE 
CMSEL,,_Y   
!*  
LESIZE,_Y1, , ,80, , , , ,1 
!*  
MSHAPE,0,2D 
MSHKEY,0
!*  
FLST,5,2,5,ORDE,2   
FITEM,5,1   
FITEM,5,-2  
CM,_Y,AREA  
ASEL, , , ,P51X 
CM,_Y1,AREA 
CHKMSH,'AREA'   
CMSEL,S,_Y  
!*  
AMESH,_Y1   
!*  
CMDELE,_Y   
CMDELE,_Y1  
CMDELE,_Y2  
!*  
FLST,2,2,5,ORDE,2   
FITEM,2,1   
FITEM,2,-2  
ACLEAR,P51X 
APLOT   
FLST,5,2,4,ORDE,2   
FITEM,5,3   
FITEM,5,-4  
CM,_Y,LINE  
LSEL, , , ,P51X 
CM,_Y1,LINE 
CMSEL,,_Y   
!*  
LESIZE,_Y1, , ,200, , , , ,1
!*  
FLST,5,2,5,ORDE,2   
FITEM,5,1   
FITEM,5,-2  
CM,_Y,AREA  
ASEL, , , ,P51X 
CM,_Y1,AREA 
CHKMSH,'AREA'   
CMSEL,S,_Y  
!*  
AMESH,_Y1   
!*  
CMDELE,_Y   
CMDELE,_Y1  
CMDELE,_Y2  
!*  
FLST,2,2,5,ORDE,2   
FITEM,2,1   
FITEM,2,-2  
ACLEAR,P51X 
APLOT   
FLST,5,6,4,ORDE,4   
FITEM,5,1   
FITEM,5,-4  
FITEM,5,7   
FITEM,5,-8  
CM,_Y,LINE  
LSEL, , , ,P51X 
CM,_Y1,LINE 
CMSEL,,_Y   
!*  
LESIZE,_Y1, , ,80, , , , ,1 
!*  
FLST,5,2,5,ORDE,2   
FITEM,5,1   
FITEM,5,-2  
CM,_Y,AREA  
ASEL, , , ,P51X 
CM,_Y1,AREA 
CHKMSH,'AREA'   
CMSEL,S,_Y  
!*  
AMESH,_Y1   
!*  
CMDELE,_Y   
CMDELE,_Y1  
CMDELE,_Y2  
!*  
FLST,2,2,5,ORDE,2   
FITEM,2,1   
FITEM,2,-2  
ACLEAR,P51X 
FLST,5,6,4,ORDE,4   
FITEM,5,1   
FITEM,5,-4  
FITEM,5,7   
FITEM,5,-8  
CM,_Y,LINE  
LSEL, , , ,P51X 
CM,_Y1,LINE 
CMSEL,,_Y   
!*  
LESIZE,_Y1, , ,50, , , , ,1 
!*  
FLST,5,2,5,ORDE,2   
FITEM,5,1   
FITEM,5,-2  
CM,_Y,AREA  
ASEL, , , ,P51X 
CM,_Y1,AREA 
CHKMSH,'AREA'   
CMSEL,S,_Y  
!*  
AMESH,_Y1   
!*  
CMDELE,_Y   
CMDELE,_Y1  
CMDELE,_Y2  
!*  
/UI,MESH,OFF
sect,1,shell,,  
secdata, 1,1,0.0,3  
secoffset,MID   
seccontrol,,,, , , ,
!*  
MPTEMP,,,,,,,,  
MPTEMP,1,0  
MPDE,EX,1   
MPDE,PRXY,1 
MPDATA,EX,1,,6.6E+10
MPDATA,PRXY,1,,0.3  
FLST,2,2,4  
FITEM,2,7   
FITEM,2,8   
ASKIN,P51X  
FINISH  
/SOL
FLST,2,1,5,ORDE,1   
FITEM,2,3   
!*  
/GO 
DA,P51X,ALL,0   
FINISH  
/POST1  
FINISH  
/SOL
FINISH  
/PREP7  
FLST,2,1,5,ORDE,1   
FITEM,2,3   
AESIZE,P51X,0.1,
CM,_Y,AREA  
ASEL, , , ,       3 
CM,_Y1,AREA 
CHKMSH,'AREA'   
CMSEL,S,_Y  
!*  
AMESH,_Y1   
/COM   PREVIOUS AMES COMMAND WAS ABORTED DURING MESHING OF AREA     3   
!*  
CMDELE,_Y   
CMDELE,_Y1  
CMDELE,_Y2  
!*  
FLST,2,1,5,ORDE,1   
FITEM,2,3   
AESIZE,P51X,1,  
CM,_Y,AREA  
ASEL, , , ,       3 
CM,_Y1,AREA 
CHKMSH,'AREA'   
CMSEL,S,_Y  
!*  
AMESH,_Y1   
!*  
CMDELE,_Y   
CMDELE,_Y1  
CMDELE,_Y2  
!*  
FINISH  
/SOL
!*  
ANTYPE,2
!*  
!*  
MODOPT,LANB,10  
EQSLV,SPAR  
MXPAND,10, , ,0 
LUMPM,0 
PSTRES,0
!*  
MODOPT,LANB,10,0,10000, ,OFF
/STATUS,SOLU
SOLVE   
FINISH  
/POST1  
SET,LIST
PLDISP,0
SET,FIRST   
PLDISP,0
!*  
PLDI, , 
ANMODE,10,0.1, ,0   
!*  
SET,NEXT
SET,FIRST   
SET,NEXT
PLDISP,0
!*  
PLDI, , 
ANMODE,10,0.1, ,0   
!*  
!*  
PLDI, , 
ANMODE,10,0.1, ,0   
!*  
SET,NEXT
PLDISP,0
!*  
PLDI, , 
ANMODE,10,0.1, ,0   
!*  
SET,LIST
SET,NEXT
PLDISP,0
!*  
PLDI, , 
ANMODE,10,0.1, ,0   
!*  
SET,NEXT
PLDISP,0
!*  
PLDI, , 
ANMODE,10,0.1, ,0   
!*  
FINISH  
/PREP7  
FLST,2,12007,1,ORDE,2   
FITEM,2,1   
FITEM,2,-12007  
!*  
/GO 
D,P51X, ,0, , , ,UZ,ROTZ,VELZ,OMGZ, ,   
FINISH  
/SOL
/STATUS,SOLU
SOLVE   
FINISH  
/POST1  
SET,LIST
SET,FIRST   
PLDISP,0
!*  
PLDI, , 
ANMODE,10,0.1, ,0   
!*  
SET,NEXT
PLDISP,0
!*  
PLDI, , 
ANMODE,10,0.1, ,0   
!*  
SET,NEXT
PLDISP,0
PLDISP,0
PLDISP,0
!*  
PLDI, , 
ANMODE,10,0.1, ,0   
!*  
/VIEW,1,1   
/ANG,1  
/REP,FAST   
/VIEW,1,1   
/ANG,1  
/REP,FAST   
/VIEW,1,,1  
/ANG,1  
/REP,FAST   
/VIEW,1,1   
/ANG,1  
/REP,FAST   
/VIEW,1,,,-1
/ANG,1  
/REP,FAST   
/VIEW,1,,1  
/ANG,1  
/REP,FAST   
/VIEW,1,1   
/ANG,1  
/REP,FAST   
PLDISP,1
SET,FIRST   
PLDISP,1
SET,NEXT
PLDISP,1
SAVE
SET,NEXT
PLDISP,1
SET,NEXT
PLDISP,1
/VIEW,1,1,1,1   
/ANG,1  
/REP,FAST   
!*  
PLDI, , 
ANMODE,10,0.1, ,0   
!*  
SET,NEXT
PLDISP,1
!*  
PLDI, , 
ANMODE,10,0.1, ,0   
!*  
/VIEW,1,-1  
/ANG,1  
/REP,FAST   
SET,NEXT
PLDISP,1
FINISH  
/SOL
FINISH  
/PREP7  
FLST,2,12007,1,ORDE,2   
FITEM,2,1   
FITEM,2,-12007  
FLST,2,12007,1,ORDE,2   
FITEM,2,1   
FITEM,2,-12007  
DDELE,P51X,ALL  
APLOT   
/VIEW,1,1,1,1   
/ANG,1  
/REP,FAST   
SAVE
SAVE
FINISH  
! /EXIT,ALL 
/BATCH  
/COM,ANSYS RELEASE Release 18.2      BUILD 18.2      UP20170726       05:00:16
/input,menust,tmp,  
/GRA,POWER
/GST,ON
/PLO,INFO,3
/GRO,CURL,ON
/CPLANE,1   
/REPLOT,RESIZE  
WPSTYLE,,,,,,,,0
RESUME  
/COM,ANSYS RELEASE Release 18.2      BUILD 18.2      UP20170726       05:00:20
!*  
/PSF,DEFA, ,1,0,1   
/PBF,DEFA, ,1   
/PSYMB,CS,0 
/PSYMB,NDIR,0   
/PSYMB,ESYS,0   
/PSYMB,LDIV,0   
/PSYMB,LDIR,0   
/PSYMB,ADIR,0   
/PSYMB,ECON,0   
/PSYMB,XNODE,0  
/PSYMB,DOT,1
/PSYMB,PCONV,   
/PSYMB,LAYR,0   
/PSYMB,FBCS,0   
!*  
/PBC,ALL,,1 
/PBC,NFOR,,0
/PBC,NMOM,,0
/PBC,RFOR,,0
/PBC,RMOM,,0
/PBC,PATH,,0
/REP
!*  
APLOT   
/PREP7  
sect,1,shell,,  
secdata, 2.5,1,0,3  
secoffset,MID   
seccontrol,0,0,0, 0, 1, 1, 1
sect,1,shell,,  
secdata, 1,1,0,3
secoffset,MID   
seccontrol,0,0,0, 0, 1, 1, 1
sect,1,shell,,  
secdata, 1,1,0,3
secoffset,MID   
seccontrol,0,0,0, 0, 1, 1, 1
!*  
MPTEMP,,,,,,,,  
MPTEMP,1,0  
MPDE,DENS,1 
MPDATA,DENS,1,,2.7e-6   
FINISH  
/SOL
/STATUS,SOLU
SOLVE   
FINISH  
/POST1  
SET,LIST
FINISH  
/PREP7  
!*  
MPTEMP,,,,,,,,  
MPTEMP,1,0  
MPDE,EX,1   
MPDE,NUXY,1 
MPDE,PRXY,1 
MPDATA,EX,1,,66000  
MPDATA,PRXY,1,,0.3  
FINISH  
/SOL
/STATUS,SOLU
SOLVE   
FINISH  
/POST1  
SET,LIST
SET,FIRST   
/VIEW,1,,1  
/ANG,1  
/REP,FAST   
/VIEW,1,1   
/ANG,1  
/REP,FAST   
PLDISP,1
SET,NEXT
PLDISP,1
SET,NEXT
PLDISP,1
FINISH  
/SOL
FLST,2,12007,1,ORDE,2   
FITEM,2,1   
FITEM,2,-12007  
!*  
/GO 
D,P51X, , , , , ,UZ, , , , ,
/STATUS,SOLU
SOLVE   
FINISH  
/POST1  
SET,LIST
APLOT   
PLDISP,1
SET,FIRST   
PLDISP,1
SET,NEXT
PLDISP,1
/VIEW,1,1,1,1   
/ANG,1  
/REP,FAST   
FINISH  
/PREP7  
sect,1,shell,,  
secdata, 2.5,1,0,3  
secoffset,MID   
seccontrol,0,0,0, 0, 1, 1, 1
FINISH  
/SOL
/STATUS,SOLU
SOLVE   
FINISH  
/POST1  
SET,LIST
FINISH  
/SOL
FINISH  
/PREP7  
SAVE
FINISH  
! /EXIT,ALL 
/BATCH  
/COM,ANSYS RELEASE Release 18.2      BUILD 18.2      UP20170726       05:13:42
/input,menust,tmp,  
/GRA,POWER
/GST,ON
/PLO,INFO,3
/GRO,CURL,ON
/CPLANE,1   
/REPLOT,RESIZE  
WPSTYLE,,,,,,,,0
RESUME  
/COM,ANSYS RELEASE Release 18.2      BUILD 18.2      UP20170726       05:13:45
!*  
/PSF,DEFA, ,1,0,1   
/PBF,DEFA, ,1   
/PSYMB,CS,0 
/PSYMB,NDIR,0   
/PSYMB,ESYS,0   
/PSYMB,LDIV,0   
/PSYMB,LDIR,0   
/PSYMB,ADIR,0   
/PSYMB,ECON,0   
/PSYMB,XNODE,0  
/PSYMB,DOT,1
/PSYMB,PCONV,   
/PSYMB,LAYR,0   
/PSYMB,FBCS,0   
!*  
/PBC,ALL,,1 
/PBC,NFOR,,0
/PBC,NMOM,,0
/PBC,RFOR,,0
/PBC,RMOM,,0
/PBC,PATH,,0
/REP
!*  
/SOLU   
FINISH  
/PREP7  
FLST,2,12007,1,ORDE,2   
FITEM,2,1   
FITEM,2,-12007  
!*  
/GO 
D,P51X, , , , , ,ALL, , , , ,   
FLST,2,12007,1,ORDE,2   
FITEM,2,1   
FITEM,2,-12007  
DDELE,P51X,ALL  
APLOT   
EPLOT   
FINISH  
/SOL
/STATUS,SOLU
SOLVE   
FINISH  
/POST1  
SET,LIST
FINISH  
/PREP7  
FINISH  
/POST1  
SET,LIST
FINISH  
/PREP7  
sect,1,shell,,  
secdata, 1,1,0,3
secoffset,MID   
seccontrol,0,0,0, 0, 1, 1, 1
FINISH  
/SOL
/STATUS,SOLU
SOLVE   
!*  
FINISH  
/POST1  
SET,LIST
FINISH  
/SOL
!*  
!*  
MODOPT,LANB,5   
EQSLV,SPAR  
MXPAND,5, , ,0  
LUMPM,0 
PSTRES,0
!*  
MODOPT,LANB,5,5,200, ,OFF   
/STATUS,SOLU
SOLVE   
FINISH  
/POST1  
SET,LIST
FINISH  
/SOL
FINISH  
/PREP7  
!*  
FLST,2,12007,1,ORDE,2   
FITEM,2,1   
FITEM,2,-12007  
FLST,2,12007,1,ORDE,2   
FITEM,2,1   
FITEM,2,-12007  
DDELE,P51X,ALL  
FLST,2,3,5,ORDE,2   
FITEM,2,1   
FITEM,2,-3  
DADELE,P51X,ALL 
APLOT   
ADELE,       3  
FLST,2,3,5,ORDE,2   
FITEM,2,1   
FITEM,2,-3  
ACLEAR,P51X 
APLOT   
ADELE,       3  
FLST,5,2,4,ORDE,2   
FITEM,5,3   
FITEM,5,-4  
CM,_Y,LINE  
LSEL, , , ,P51X 
CM,_Y1,LINE 
CMSEL,,_Y   
!*  
LESIZE,_Y1, , ,50, , , , ,1 
!*  
FLST,5,2,5,ORDE,2   
FITEM,5,1   
FITEM,5,-2  
CM,_Y,AREA  
ASEL, , , ,P51X 
CM,_Y1,AREA 
CHKMSH,'AREA'   
CMSEL,S,_Y  
!*  
AMESH,_Y1   
!*  
CMDELE,_Y   
CMDELE,_Y1  
CMDELE,_Y2  
!*  
SMRT,6  
SMRT,1  
FLST,5,2,5,ORDE,2   
FITEM,5,1   
FITEM,5,-2  
CM,_Y,AREA  
ASEL, , , ,P51X 
CM,_Y1,AREA 
CHKMSH,'AREA'   
CMSEL,S,_Y  
!*  
FLST,5,5000,2,ORDE,2
FITEM,5,1   
FITEM,5,-5000   
CM,_Y,ELEM  
ESEL, , , ,P51X 
CM,_Y1,ELEM 
CMSEL,S,_Y  
CMDELE,_Y   
!*  
!*  
EREF,_Y1, , ,1,0,1,1
CMDELE,_Y1  
!*  
/VIEW,1,1,1,1   
/ANG,1  
/REP,FAST   
EPLOT   
/VIEW,1,,,-1
/ANG,1  
/REP,FAST   
/VIEW,1,,1  
/ANG,1  
/REP,FAST   
/VIEW,1,1   
/ANG,1  
/REP,FAST   
/VIEW,1,,,1 
/ANG,1  
/REP,FAST   
/VIEW,1,1,2,3   
/ANG,1  
/REP,FAST   
/VIEW,1,,-1 
/ANG,1  
/REP,FAST   
/VIEW,1,1,1,1   
/ANG,1  
/REP,FAST   
FLST,2,100,1,ORDE,5 
FITEM,2,52  
FITEM,2,102 
FITEM,2,-151
FITEM,2,2651
FITEM,2,-2699   
!*  
/GO 
D,P51X, ,0, , , ,ALL, , , , ,   
FINISH  
/SOL
/STATUS,SOLU
SOLVE   
FINISH  
/POST1  
SET,LIST
FINISH  
/PREP7  
!*  
MPTEMP,,,,,,,,  
MPTEMP,1,0  
MPDE,EX,1   
MPDE,NUXY,1 
MPDE,PRXY,1 
MPDATA,EX,1,,66e9   
MPDATA,PRXY,1,,0.3  
MPTEMP,,,,,,,,  
MPTEMP,1,0  
MPDE,DENS,1 
MPDATA,DENS,1,,2700 
FINISH  
/SOL
/STATUS,SOLU
SOLVE   
FINISH  
/POST1  
SET,LIST
FINISH  
/PREP7  
sect,1,shell,,  
secdata, .0025,1,0,3
secoffset,MID   
seccontrol,0,0,0, 0, 1, 1, 1
sect,1,shell,,  
secdata, 0.0025,1,0,3   
secoffset,MID   
seccontrol,0,0,0, 0, 1, 1, 1
sect,1,shell,,  
secdata, 1.5,1,0,3  
secoffset,MID   
seccontrol,0,0,0, 0, 1, 1, 1
FINISH  
/SOL
/STATUS,SOLU
SOLVE   
FINISH  
/POST1  
SET,LIST
SAVE
SET,LIST
FINISH  
/PREP7  
!*  
MPTEMP,,,,,,,,  
MPTEMP,1,0  
MPDE,EX,1   
MPDE,NUXY,1 
MPDE,PRXY,1 
MPDATA,EX,1,,66000  
MPDATA,PRXY,1,,0.3  
MPTEMP,,,,,,,,  
MPTEMP,1,0  
MPDE,DENS,1 
MPDATA,DENS,1,,2.7e-6   
FINISH  
/SOL
/STATUS,SOLU
SOLVE   
FINISH  
/POST1  
SET,LIST
FINISH  
/PREP7  
!*  
!*  
MPTEMP,,,,,,,,  
MPTEMP,1,0  
MPDE,EX,1   
MPDE,NUXY,1 
MPDE,PRXY,1 
MPDATA,EX,1,,66e6   
MPDATA,PRXY,1,,0.3  
MPTEMP,,,,,,,,  
MPTEMP,1,0  
MPDE,DENS,1 
MPDATA,DENS,1,,2.7E-06  
FINISH  
/SOL
/STATUS,SOLU
SOLVE   
FINISH  
/POST1  
SET,LIST
FINISH  
/PREP7  
!*  
MPTEMP,,,,,,,,  
MPTEMP,1,0  
MPDE,EX,1   
MPDE,NUXY,1 
MPDE,PRXY,1 
MPDATA,EX,1,,6.6E+07
MPDATA,PRXY,1,,0.3  
MPTEMP,,,,,,,,  
MPTEMP,1,0  
MPDE,DENS,1 
MPDATA,DENS,1,,2.7E-06  
sect,1,shell,,  
secdata, 2,1,0,3
secoffset,MID   
seccontrol,0,0,0, 0, 1, 1, 1
FINISH  
/SOL
/STATUS,SOLU
SOLVE   
FINISH  
/POST1  
SET,LIST
FINISH  
/PREP7  
FINISH  
/SOL
FINISH  
/PREP7  
sect,1,shell,,  
secdata, 2.5,1,0,3  
secoffset,MID   
seccontrol,0,0,0, 0, 1, 1, 1
FINISH  
/SOL
/STATUS,SOLU
SOLVE   
FINISH  
/POST1  
SET,LIST
FINISH  
/PREP7  
sect,1,shell,,  
secdata, 6,1,0,3
secoffset,MID   
seccontrol,0,0,0, 0, 1, 1, 1
FINISH  
/SOL
/STATUS,SOLU
SOLVE   
FINISH  
/POST1  
SET,LIST
SET,FIRST   
PLDISP,1
/VIEW,1,,1  
/ANG,1  
/REP,FAST   
/VIEW,1,,,-1
/ANG,1  
/REP,FAST   
/VIEW,1,-1  
/ANG,1  
/REP,FAST   
/VIEW,1,,,1 
/ANG,1  
/REP,FAST   
/VIEW,1,1   
/ANG,1  
/REP,FAST   
SET,NEXT
PLDISP,1
SET,NEXT
PLDISP,1
/VIEW,1,1,1,1   
/ANG,1  
/REP,FAST   
/VIEW,1,1   
/ANG,1  
/REP,FAST   
!*  
PLDI, , 
ANMODE,10,0.1, ,0   
!*  
/VIEW,1,1,1,1   
/ANG,1  
/REP,FAST   
/VIEW,1,1,1,1   
/ANG,1  
/REP,FAST   
/VIEW,1,1,1,1   
/ANG,1  
/REP,FAST   
/VIEW,1,1,1,1   
/ANG,1  
/REP,FAST   
/VIEW,1,1,1,1   
/ANG,1  
/REP,FAST   
!*  
PLDI, , 
ANMODE,10,0.1, ,0   
!*  
SET,NEXT
PLDISP,1
/VIEW,1,,,1 
/ANG,1  
/REP,FAST   
/VIEW,1,1   
/ANG,1  
/REP,FAST   
SET,LIST
SET,NEXT
PLDISP,1
/VIEW,1,1,1,1   
/ANG,1  
/REP,FAST   
!*  
PLDI, , 
ANMODE,10,0.1, ,0   
!*  
FINISH  
/SOL
!*  
!*  
MODOPT,LANB,10  
EQSLV,SPAR  
MXPAND,10, , ,0 
LUMPM,0 
PSTRES,0
!*  
MODOPT,LANB,10,5,200, ,OFF  
/STATUS,SOLU
SOLVE   
FINISH  
/POST1  
SET,LIST
FINISH  
/SOL
!*  
!*  
MODOPT,LANB,10  
EQSLV,SPAR  
MXPAND,10, , ,0 
LUMPM,0 
PSTRES,0
!*  
MODOPT,LANB,10,5,10000, ,OFF
/STATUS,SOLU
SOLVE   
FINISH  
/POST1  
SET,LIST
FINISH  
/SOL
FINISH  
/PREP7  
SAVE
SAVE
FINISH  
/POST1  
SET,LIST
SET,FIRST   
/VIEW,1,1,2,3   
/ANG,1  
/REP,FAST   
/VIEW,1,1,1,1   
/ANG,1  
/REP,FAST   
/ANG,1,-30,XS,1 
/REP,FAST   
/ANG,1,-30,XS,1 
/REP,FAST   
/ANG,1,-30,XS,1 
/REP,FAST   
/ANG,1,30,XS,1  
/REP,FAST   
PLDISP,1
PLDISP,0
PLDISP,2
SET,NEXT
PLDISP,2
SET,NEXT
PLDISP,2
/VIEW,1,1   
/ANG,1  
/REP,FAST   
/VIEW,1,,1  
/ANG,1  
/REP,FAST   
SET,NEXT
/VIEW,1,1,1,1   
/ANG,1  
/REP,FAST   
/ANG,1,-30,XS,1 
/REP,FAST   
/ANG,1,-30,XS,1 
/REP,FAST   
/ANG,1,-30,XS,1 
/REP,FAST   
/ANG,1,30,XS,1  
/REP,FAST   
SET,NEXT
PLDISP,2
/VIEW,1,1   
/ANG,1  
/REP,FAST   
/VIEW,1,1,1,1   
/ANG,1  
/REP,FAST   
/VIEW,1,1,2,3   
/ANG,1  
/REP,FAST   
/VIEW,1,1   
/ANG,1  
/REP,FAST   
/VIEW,1,,,-1
/ANG,1  
/REP,FAST   
/VIEW,1,,-1 
/ANG,1  
/REP,FAST   
/ANG,1,-30,XS,1 
/REP,FAST   
/ANG,1,-30,XS,1 
/REP,FAST   
/ANG,1,-30,XS,1 
/REP,FAST   
/ANG,1,-30,XS,1 
/REP,FAST   
SET,NEXT
PLDISP,2
/VIEW,1,1,1,1   
/ANG,1  
/REP,FAST   
SET,NEXT
PLDISP,2
SET,NEXT
PLDISP,2
SET,NEXT
PLDISP,2
/VIEW,1,1,1,1   
/ANG,1  
/REP,FAST   
/VIEW,1,1,1,1   
/ANG,1  
/REP,FAST   
/VIEW,1,1,2,3   
/ANG,1  
/REP,FAST   
/VIEW,1,1   
/ANG,1  
/REP,FAST   
SET,NEXT
PLDISP,2
