/BATCH  
/COM,ANSYS RELEASE Release 17.0      BUILD 17.0      UP20151214       16:19:36
/input,menust,tmp,''
/COM,ANSYS RELEASE Release 17.0      BUILD 17.0      UP20151214       16:19:37
/GRA,POWER
/GST,ON
/PLO,INFO,3
/GRO,CURL,ON
/CPLANE,1   
/REPLOT,RESIZE  
WPSTYLE,,,,,,,,0
EPLOT   
/PREP7  
FINISH  
/POST1  
!*  
PRNSOL,U,Y  
!*  
PRNSOL,U,X  
FINISH  
/PREP7  
SECTYPE,3,TAPER, ,  
SECDATA,   1,,,,
SECDATA,   1,,,,
!*  
SECTYPE,3,TAPER, ,  
SECDATA,   1,,,,
SECDATA,   2,2,,,   
!*  
SECTYPE,4,TAPER, ,  
SECDATA,   1,,,,
SECDATA,   3,,,,
!*  
K,9,2.5,,,  
KPLOT   
/PNUM,KP,1  
/PNUM,LINE,0
/PNUM,AREA,0
/PNUM,VOLU,0
/PNUM,NODE,0
/PNUM,TABN,0
/PNUM,SVAL,0
/NUMBER,0   
!*  
/PNUM,ELEM,0
/REPLOT 
!*  
KDELE,       9  
EPLOT   
FINISH  
! /EXIT,NOSAV   
/BATCH  
/COM,ANSYS RELEASE Release 17.0      BUILD 17.0      UP20151214       16:24:23
/input,menust,tmp,''
/COM,ANSYS RELEASE Release 17.0      BUILD 17.0      UP20151214       16:24:23
/GRA,POWER
/GST,ON
/PLO,INFO,3
/GRO,CURL,ON
/CPLANE,1   
/REPLOT,RESIZE  
WPSTYLE,,,,,,,,0
/SOLU   
FINISH  
/PREP7  
FINISH  
/SOL
FINISH  
/POST1  
!*  
PRNSOL,U,Y  
FINISH  
/PREP7  
!*  
MPTEMP,,,,,,,,  
MPTEMP,1,0  
MPDE,EX,1   
MPDE,NUXY,1 
MPDE,PRXY,1 
MPDATA,EX,1,,2.034E+011 
MPDATA,PRXY,1,,0.3  
FLST,2,1,3,ORDE,1   
FITEM,2,2   
FKDELE,P51X,ALL 
FLST,2,1,3,ORDE,1   
FITEM,2,2   
!*  
/GO 
FK,P51X,FY,-10  
EPLOT   
FINISH  
/SOL
/STATUS,SOLU
SOLVE   
FINISH  
/POST1  
!*  
PRNSOL,U,Y  
/DIST,1,1.08222638492,1 
/REP,FAST   
PRNLD,FY, ,ALL  
PRRSOL,FY   
!*  
PRNSOL,S,COMP   
!*  
PRNSOL,U,Y  
FINISH  
/PREP7  
FLST,2,1,3,ORDE,1   
FITEM,2,2   
FKDELE,P51X,ALL 
FLST,2,1,3,ORDE,1   
FITEM,2,2   
!*  
/GO 
FK,P51X,FY,-1000
FINISH  
/SOL
/STATUS,SOLU
SOLVE   
FINISH  
/POST1  
!*  
PRNSOL,U,Y  
!*  
PRNSOL,U,Z  
!*  
PRNSOL,U,COMP   
PLDISP,1
FINISH  
/SOL
!*  
!*  
!*  
!*  
ANTYPE,0
ANTYPE,,REST
!*  
FINISH  
/PREP7  
FLST,2,1,3,ORDE,1   
FITEM,2,2   
FKDELE,P51X,ALL 
FLST,2,1,3,ORDE,1   
FITEM,2,2   
!*  
/GO 
FK,P51X,FY,-10  
FINISH  
/SOL
/STATUS,SOLU
SOLVE   
FINISH  
/POST1  
PLDISP,1
!*  
PRNSOL,U,Y  
KPLOT   
/PNUM,KP,1  
/PNUM,LINE,0
/PNUM,AREA,0
/PNUM,VOLU,0
/PNUM,NODE,0
/PNUM,TABN,0
/PNUM,SVAL,0
/NUMBER,0   
!*  
/PNUM,ELEM,0
/REPLOT 
!*  
FINISH  
/PREP7  
FLST,2,1,3,ORDE,1   
FITEM,2,2   
FKDELE,P51X,ALL 
FLST,2,1,3,ORDE,1   
FITEM,2,2   
!*  
/GO 
FK,P51X,FY,-1000
FINISH  
/SOL
/STATUS,SOLU
SOLVE   
FINISH  
/POST26 
FILE,'Tapered_beam','rst','.'   
/UI,COLL,1  
NUMVAR,200  
SOLU,191,NCMIT  
STORE,MERGE 
FILLDATA,191,,,,1,1 
REALVAR,191,191 
FINISH  
/POST1  
EPLOT   
/PNUM,KP,1  
/PNUM,LINE,0
/PNUM,AREA,0
/PNUM,VOLU,0
/PNUM,NODE,0
/PNUM,TABN,0
/PNUM,SVAL,0
/NUMBER,0   
!*  
/PNUM,ELEM,0
/REPLOT 
!*  
!*  
/PSF,DEFA, ,1,0,1   
/PBF,DEFA, ,1   
/PSYMB,CS,0 
/PSYMB,NDIR,0   
/PSYMB,ESYS,0   
/PSYMB,LDIV,0   
/PSYMB,LDIR,0   
/PSYMB,ADIR,0   
/PSYMB,ECON,0   
/PSYMB,XNODE,0  
/PSYMB,DOT,1
/PSYMB,PCONV,   
/PSYMB,LAYR,0   
/PSYMB,FBCS,0   
!*  
/PBC,ALL,,1 
/PBC,NFOR,,0
/PBC,NMOM,,0
/PBC,RFOR,,0
/PBC,RMOM,,0
/PBC,PATH,,0
/REP
!*  
!*  
PRNSOL,U,Y  
FINISH  
/PREP7  
ESIZE,0,5,  
EPLOT   
LCLEAR,       1 
EPLOT   
LPLOT   
ESIZE,0,5,  
TYPE,   1   
MAT,       1
REAL,   
ESYS,       0   
SECNUM,   3 
!*  
LMESH,       1  
FINISH  
/SOL
/STATUS,SOLU
SOLVE   
FINISH  
/POST1  
!*  
PRNSOL,U,Y  
/VIEW,1,1,1,1   
/ANG,1  
/REP,FAST   
/VIEW,1,,,1 
/ANG,1  
/REP,FAST   
EPLOT   
!*  
!*  
PRNSOL,U,Y  
!*  
PRNSOL,U,Y  
SAVE,'5elements_1000N','db','D:\Pilot\FALL20~2\FINITE~1\ME7120~2\ME7120~1\ANSYSF~1\'
FINISH  
/PREP7  
LCLEAR,       1 
EPLOT   
LPLOT   
ESIZE,0,3,  
LMESH,       1  
!*  
/PSF,DEFA, ,1,0,1   
/PBF,DEFA, ,1   
/PSYMB,CS,0 
/PSYMB,NDIR,0   
/PSYMB,ESYS,0   
/PSYMB,LDIV,0   
/PSYMB,LDIR,0   
/PSYMB,ADIR,0   
/PSYMB,ECON,0   
/PSYMB,XNODE,0  
/PSYMB,DOT,1
/PSYMB,PCONV,   
/PSYMB,LAYR,0   
/PSYMB,FBCS,0   
!*  
/PBC,ALL,,1 
/PBC,NFOR,,0
/PBC,NMOM,,0
/PBC,RFOR,,0
/PBC,RMOM,,0
/PBC,PATH,,0
/REP
!*  
EPLOT   
FINISH  
/SOL
/STATUS,SOLU
SOLVE   
FINISH  
/POST1  
!*  
PRNSOL,U,Y  
FINISH  
/PREP7  
LCLEAR,       1 
ESIZE,0,1,  
LMESH,       1  
FINISH  
/SOL
/STATUS,SOLU
SOLVE   
FINISH  
/POST1  
!*  
PRNSOL,U,Y  
FINISH  
/PREP7  
LCLEAR,       1 
/UI,MESH,OFF
ESIZE,0,10, 
/DIST,1,1.08222638492,1 
/REP,FAST   
ESIZE,0,10, 
LMESH,       1  
FINISH  
/SOL
/STATUS,SOLU
SOLVE   
FINISH  
/POST1  
!*  
PRNSOL,U,Y  
/REPLOT 
