/BATCH  
/COM,ANSYS RELEASE Release 16.0      BUILD 16.0      UP20141203       14:51:52
/input,menust,tmp,''
/GRA,POWER
/GST,ON
/PLO,INFO,3
/GRO,CURL,ON
/CPLANE,1   
/REPLOT,RESIZE  
WPSTYLE,,,,,,,,0
FINISH  
! /EXIT,NOSAV   
/BATCH  
/COM,ANSYS RELEASE 12.1    UP20091102       11:48:31    09/16/2015
/input,menust,tmp,'',,,,,,,,,,,,,,,,1   
/GRA,POWER
/GST,ON
/PLO,INFO,3
/GRO,CURL,ON
/CPLANE,1   
/REPLOT,RESIZE  
WPSTYLE,,,,,,,,0
/SOLU   
FINISH  
! /EXIT,NOSAV   
/BATCH  
/COM,ANSYS RELEASE 12.1    UP20091102       15:08:08    12/02/2016
/input,menust,tmp,'',,,,,,,,,,,,,,,,1   
/GRA,POWER
/GST,ON
/PLO,INFO,3
/GRO,CURL,ON
/CPLANE,1   
/REPLOT,RESIZE  
WPSTYLE,,,,,,,,0
/REPLOT,RESIZE  
!*  
/NOPR   
/PMETH,OFF,0
KEYW,PR_SET,1   
KEYW,PR_STRUC,1 
KEYW,PR_THERM,0 
KEYW,PR_FLUID,0 
KEYW,PR_ELMAG,0 
KEYW,MAGNOD,0   
KEYW,MAGEDG,0   
KEYW,MAGHFE,0   
KEYW,MAGELC,0   
KEYW,PR_MULTI,0 
KEYW,PR_CFD,0   
/GO 
!*  
/COM,   
/COM,Preferences for GUI filtering have been set to display:
/COM,  Structural   
!*  
/PREP7  
!*  
ET,1,PLANE42
!*  
ETDEL,1 
!*  
ET,1,SOLID185   
!*  
KEYOPT,1,2,0
KEYOPT,1,3,0
KEYOPT,1,6,0
KEYOPT,1,10,0   
!*  
!*  
!*  
!*  
!*  
!*  
!*  
!*  
!*  
!*  
!*  
!*  
MPTEMP,,,,,,,,  
MPTEMP,1,0  
MPDATA,EX,1,,2.0340e11  
MPDATA,PRXY,1,,0.3  
SAVE,'ic','db','C:\Users\ecslogon\' 
!*  
!*  
FINISH  
/CLEAR,START
/COM,ANSYS RELEASE 12.1    UP20091102       15:44:09    12/02/2016
/input,start121,ans,'C:\Program Files\ANSYS Inc\v121\ANSYS\apdl\',,,,,,,,,,,,,,,,1  
!*  
/CWD,'C:\Users\ecslogon\Desktop\pyramid'
/AUX15  
!*  
IOPTN,IGES,NODEFEAT 
IOPTN,MERGE,YES 
IOPTN,SOLID,YES 
IOPTN,SMALL,YES 
IOPTN,GTOLER, DEFA  
IGESIN,'pyramid','IGS',' '  
VPLOT   
!*  
FINISH  
/PREP7  
!*  
ET,1,SOLID45
!*  
!*  
MPTEMP,,,,,,,,  
MPTEMP,1,0  
MPDATA,EX,1,,2.0340e11  
MPDATA,PRXY,1,,0.3  
SAVE,'materials','db','C:\Users\ecslogon\Desktop\pyramid\'  
FLST,2,1,5,ORDE,1   
FITEM,2,12  
!*  
/GO 
DA,P51X,ALL,0   
FLST,2,1,5,ORDE,1   
FITEM,2,11  
FLST,2,4,3,ORDE,4   
FITEM,2,12  
FITEM,2,16  
FITEM,2,32  
FITEM,2,52  
/VIEW,1,1,1,1   
/ANG,1  
/REP,FAST   
/AUTO,1 
/REP,FAST   
/VIEW,1,1,1,1   
/ANG,1  
/REP,FAST   
/VIEW,1,1,1,1   
/ANG,1  
/REP,FAST   
/VIEW,1,1,1,1   
/ANG,1  
/REP,FAST   
/VIEW,1,1,1,1   
/ANG,1  
/REP,FAST   
/VIEW,1,1,1,1   
/ANG,1  
/REP,FAST   
/VIEW,1,1,1,1   
/ANG,1  
/REP,FAST   
/VIEW,1,1,1,1   
/ANG,1  
/REP,FAST   
/ANG,1,30,ZS,1  
/REP,FAST   
/ANG,1,30,ZS,1  
/REP,FAST   
/ANG,1,30,ZS,1  
/REP,FAST   
/ANG,1,30,ZS,1  
/REP,FAST   
/ANG,1,30,ZS,1  
/REP,FAST   
/ANG,1,30,ZS,1  
/REP,FAST   
/ANG,1,30,ZS,1  
/REP,FAST   
/ANG,1,30,ZS,1  
/REP,FAST   
/ANG,1,30,ZS,1  
/REP,FAST   
/ANG,1,30,ZS,1  
/REP,FAST   
/ANG,1,30,ZS,1  
/REP,FAST   
/ANG,1,30,ZS,1  
/REP,FAST   
/ANG,1,-30,XS,1 
/REP,FAST   
/ANG,1,-30,XS,1 
/REP,FAST   
/ANG,1,-30,XS,1 
/REP,FAST   
/ANG,1,-30,XS,1 
/REP,FAST   
/ANG,1,-30,XS,1 
/REP,FAST   
/ANG,1,-30,XS,1 
/REP,FAST   
/ANG,1,-30,XS,1 
/REP,FAST   
/ANG,1,-30,XS,1 
/REP,FAST   
/ANG,1,-30,XS,1 
/REP,FAST   
/ANG,1,-30,XS,1 
/REP,FAST   
/ANG,1,-30,XS,1 
/REP,FAST   
/ANG,1,-30,XS,1 
/REP,FAST   
/ANG,1,-30,YS,1 
/REP,FAST   
/ANG,1,-30,YS,1 
/REP,FAST   
/ANG,1,-30,YS,1 
/REP,FAST   
/ANG,1,-30,YS,1 
/REP,FAST   
/ANG,1,-30,YS,1 
/REP,FAST   
/ANG,1,-30,YS,1 
/REP,FAST   
/ANG,1,-30,YS,1 
/REP,FAST   
/ANG,1,-30,YS,1 
/REP,FAST   
/ANG,1,-30,YS,1 
/REP,FAST   
/ANG,1,-30,YS,1 
/REP,FAST   
/ANG,1,-30,YS,1 
/REP,FAST   
/ANG,1,-30,YS,1 
/REP,FAST   
/ANG,1,-30,YS,1 
/REP,FAST   
/ANG,1,-30,YS,1 
/REP,FAST   
/ANG,1,-30,YS,1 
/REP,FAST   
/ANG,1,-30,YS,1 
/REP,FAST   
/ANG,1,-30,YS,1 
/REP,FAST   
/ANG,1,-30,YS,1 
/REP,FAST   
/ANG,1,-30,YS,1 
/REP,FAST   
/ANG,1,-30,YS,1 
/REP,FAST   
/ANG,1,-30,YS,1 
/REP,FAST   
/ANG,1,-30,YS,1 
/REP,FAST   
/ANG,1,-30,YS,1 
/REP,FAST   
/ANG,1,-30,YS,1 
/REP,FAST   
/ANG,1,-30,YS,1 
/REP,FAST   
/ANG,1,-30,YS,1 
/REP,FAST   
/VIEW,1,1,1,1   
/ANG,1  
/REP,FAST   
/ANG,1,-30,ZS,1 
/REP,FAST   
/ANG,1,-30,ZS,1 
/REP,FAST   
/ANG,1,-30,ZS,1 
/REP,FAST   
/ANG,1,-30,ZS,1 
/REP,FAST   
/ANG,1,-30,ZS,1 
/REP,FAST   
/ANG,1,-30,ZS,1 
/REP,FAST   
/ANG,1,-30,ZS,1 
/REP,FAST   
/ANG,1,-30,ZS,1 
/REP,FAST   
/ANG,1,-30,ZS,1 
/REP,FAST   
/ANG,1,-30,ZS,1 
/REP,FAST   
/ANG,1,-30,ZS,1 
/REP,FAST   
/ANG,1,-30,ZS,1 
/REP,FAST   
/ANG,1,-30,ZS,1 
/REP,FAST   
/ANG,1,-30,ZS,1 
/REP,FAST   
/ANG,1,-30,ZS,1 
/REP,FAST   
/ANG,1,-30,ZS,1 
/REP,FAST   
/ANG,1,-30,ZS,1 
/REP,FAST   
/ANG,1,-30,ZS,1 
/REP,FAST   
/ANG,1,-30,ZS,1 
/REP,FAST   
/ANG,1,-30,ZS,1 
/REP,FAST   
/ANG,1,-30,ZS,1 
/REP,FAST   
/ANG,1,-30,ZS,1 
/REP,FAST   
/ANG,1,-30,ZS,1 
/REP,FAST   
/ANG,1,-30,ZS,1 
/REP,FAST   
/ANG,1,-30,YS,1 
/REP,FAST   
/ANG,1,-30,YS,1 
/REP,FAST   
/ANG,1,-30,YS,1 
/REP,FAST   
/ANG,1,-30,YS,1 
/REP,FAST   
/ANG,1,-30,YS,1 
/REP,FAST   
/ANG,1,-30,YS,1 
/REP,FAST   
/ANG,1,-30,YS,1 
/REP,FAST   
/ANG,1,-30,YS,1 
/REP,FAST   
/ANG,1,-30,YS,1 
/REP,FAST   
/ANG,1,-30,YS,1 
/REP,FAST   
/ANG,1,-30,YS,1 
/REP,FAST   
/ANG,1,-30,YS,1 
/REP,FAST   
/VIEW,1,1,1,1   
/ANG,1  
/REP,FAST   
/VIEW,1,1,1,1   
/ANG,1  
/REP,FAST   
FLST,2,4,3,ORDE,4   
FITEM,2,12  
FITEM,2,16  
FITEM,2,32  
FITEM,2,52  
!*  
/GO 
FK,P51X,FZ,2.5  
! /VT   
ESIZE,23.75,0,  
/UI,MESH,OFF
ESIZE,23.75,0,  
CM,_Y,VOLU  
VSEL, , , ,       1 
CM,_Y1,VOLU 
CHKMSH,'VOLU'   
CMSEL,S,_Y  
!*  
VSWEEP,_Y1  
!*  
CMDELE,_Y   
CMDELE,_Y1  
CMDELE,_Y2  
!*  
ESIZE,23.75,0,  
MSHAPE,1,3D 
MSHKEY,0
!*  
CM,_Y,VOLU  
VSEL, , , ,       1 
CM,_Y1,VOLU 
CHKMSH,'VOLU'   
CMSEL,S,_Y  
!*  
!*  
VCLEAR,_Y1  
VMESH,_Y1   
!*  
CMDELE,_Y   
CMDELE,_Y1  
CMDELE,_Y2  
!*  
CM,_Y,VOLU  
VSEL, , , ,       1 
CM,_Y1,VOLU 
CHKMSH,'VOLU'   
CMSEL,S,_Y  
!*  
!*  
VCLEAR,_Y1  
VMESH,_Y1   
!*  
CMDELE,_Y   
CMDELE,_Y1  
CMDELE,_Y2  
!*  
FLST,5,12,4,ORDE,12 
FITEM,5,6   
FITEM,5,8   
FITEM,5,10  
FITEM,5,12  
FITEM,5,18  
FITEM,5,20  
FITEM,5,22  
FITEM,5,30  
FITEM,5,32  
FITEM,5,34  
FITEM,5,42  
FITEM,5,46  
CM,_Y,LINE  
LSEL, , , ,P51X 
CM,_Y1,LINE 
CMSEL,S,_Y  
!*  
!*  
LESIZE,_Y1,23.75, ,0,0,4,0,0
CMDELE,_Y   
CMDELE,_Y1  
!*  
FLST,5,12,4,ORDE,12 
FITEM,5,6   
FITEM,5,8   
FITEM,5,10  
FITEM,5,12  
FITEM,5,18  
FITEM,5,20  
FITEM,5,22  
FITEM,5,30  
FITEM,5,32  
FITEM,5,34  
FITEM,5,42  
FITEM,5,46  
CM,_Y,LINE  
LSEL, , , ,P51X 
CM,_Y1,LINE 
CMSEL,S,_Y  
!*  
!*  
LESIZE,_Y1,23.75, ,0,0,4,0,0
CMDELE,_Y   
CMDELE,_Y1  
!*  
VCLEAR,       1 
FLST,5,12,4,ORDE,12 
FITEM,5,6   
FITEM,5,8   
FITEM,5,10  
FITEM,5,12  
FITEM,5,18  
FITEM,5,20  
FITEM,5,22  
FITEM,5,30  
FITEM,5,32  
FITEM,5,34  
FITEM,5,42  
FITEM,5,46  
CM,_Y,LINE  
LSEL, , , ,P51X 
CM,_Y1,LINE 
CMSEL,S,_Y  
!*  
!*  
LESIZE,_Y1,0, ,8,0,4,0,0
CMDELE,_Y   
CMDELE,_Y1  
!*  
VCLEAR,       1 
FLST,5,4,4,ORDE,4   
FITEM,5,8   
FITEM,5,12  
FITEM,5,20  
FITEM,5,32  
CM,_Y,LINE  
LSEL, , , ,P51X 
CM,_Y1,LINE 
CMSEL,S,_Y  
!*  
!*  
LESIZE,_Y1,0, ,8,0,4,0,0
CMDELE,_Y   
CMDELE,_Y1  
!*  
/AUTO,1 
/REP,FAST   
VCLEAR,       1 
FLST,2,6,5,ORDE,2   
FITEM,2,7   
FITEM,2,-12 
ACLEAR,P51X 
FLST,2,12,4,ORDE,12 
FITEM,2,6   
FITEM,2,8   
FITEM,2,10  
FITEM,2,12  
FITEM,2,18  
FITEM,2,20  
FITEM,2,22  
FITEM,2,30  
FITEM,2,32  
FITEM,2,34  
FITEM,2,42  
FITEM,2,46  
LCLEAR,P51X 
NPLOT   
/REPLOT 
EPLOT   
VPLOT   
FLST,5,4,4,ORDE,4   
FITEM,5,8   
FITEM,5,12  
FITEM,5,20  
FITEM,5,32  
CM,_Y,LINE  
LSEL, , , ,P51X 
CM,_Y1,LINE 
CMSEL,S,_Y  
!*  
!*  
LESIZE,_Y1,0, ,8,0,4,0,0
CMDELE,_Y   
CMDELE,_Y1  
!*  
NPLOT   
EPLOT   
FINISH  
/SOL
/STATUS,SOLU
SOLVE   
VPLOT   
/STATUS,SOLU
/STATUS,SOLU
SOLVE   
FINISH  
/PREP7  
FLST,5,4,4,ORDE,4   
FITEM,5,8   
FITEM,5,12  
FITEM,5,20  
FITEM,5,32  
CM,_Y,LINE  
LSEL, , , ,P51X 
CM,_Y1,LINE 
CMSEL,S,_Y  
!*  
/UI,MESH,OFF
ESIZE,0,0   
SMRT,6  
SMRT,7  
SMRT,8  
/UI,MESH,OFF
CM,_Y,VOLU  
VSEL, , , ,       1 
CM,_Y1,VOLU 
CHKMSH,'VOLU'   
CMSEL,S,_Y  
!*  
VMESH,_Y1   
!*  
CMDELE,_Y   
CMDELE,_Y1  
CMDELE,_Y2  
!*  
VCLEAR,       1 
VPLOT   
FLST,5,12,4,ORDE,12 
FITEM,5,6   
FITEM,5,8   
FITEM,5,10  
FITEM,5,12  
FITEM,5,18  
FITEM,5,20  
FITEM,5,22  
FITEM,5,30  
FITEM,5,32  
FITEM,5,34  
FITEM,5,42  
FITEM,5,46  
CM,_Y,LINE  
LSEL, , , ,P51X 
CM,_Y1,LINE 
CMSEL,S,_Y  
!*  
!*  
LESIZE,_Y1,23.75, ,0,0,4,0,0
CMDELE,_Y   
CMDELE,_Y1  
!*  
NPLOT   
VPLOT   
FVMESH,0
FLST,5,12,4,ORDE,12 
FITEM,5,6   
FITEM,5,8   
FITEM,5,10  
FITEM,5,12  
FITEM,5,18  
FITEM,5,20  
FITEM,5,22  
FITEM,5,30  
FITEM,5,32  
FITEM,5,34  
FITEM,5,42  
FITEM,5,46  
CM,_Y,LINE  
LSEL, , , ,P51X 
CM,_Y1,LINE 
CMSEL,S,_Y  
!*  
!*  
LESIZE,_Y1,23.75, ,0,0,4,0,0
CMDELE,_Y   
CMDELE,_Y1  
!*  
!*  
FVMESH,1
EXTOPT,ACLEAR,1 
EXTOPT,VSWE,TETS,1  
NPLOT   
EPLOT   
VPLOT   
ESIZE,0,8,  
MSHAPE,0,3D 
MSHKEY,1
!*  
CM,_Y,VOLU  
VSEL, , , ,       1 
CM,_Y1,VOLU 
CHKMSH,'VOLU'   
CMSEL,S,_Y  
!*  
VMESH,_Y1   
!*  
CMDELE,_Y   
CMDELE,_Y1  
CMDELE,_Y2  
!*  
FINISH  
! /CLEAR,NOSTART
!*  
/PREP7  
FINISH  
/SOL
APLOT   
VPLOT   
LPLOT   
APLOT   
VPLOT   
FINISH  
/PREP7  
ESIZE,0,8,  
CM,_Y,VOLU  
VSEL, , , ,       1 
CM,_Y1,VOLU 
CHKMSH,'VOLU'   
CMSEL,S,_Y  
!*  
!*  
VCLEAR,_Y1  
VMESH,_Y1   
!*  
CMDELE,_Y   
CMDELE,_Y1  
CMDELE,_Y2  
!*  
FINISH  
/CLEAR,NOSTART  
/COM,ANSYS RELEASE 12.1    UP20091102       16:26:24    12/02/2016
!*  
/PREP7  
K,1,37,37,0,
K,2,-37,37,0,   
K,2,-37,-37,0,  
K,2,37,-37,0,   
K,3,37,-37,0,   
FINISH  
! /EXIT,NOSAV   
/BATCH  
/COM,ANSYS RELEASE 12.1    UP20091102       16:28:06    12/02/2016
/input,menust,tmp,'',,,,,,,,,,,,,,,,1   
/GRA,POWER
/GST,ON
/PLO,INFO,3
/GRO,CURL,ON
/CPLANE,1   
/REPLOT,RESIZE  
WPSTYLE,,,,,,,,0
/SOLU   
FINISH  
/PREP7  
K,1,37,37,0,
K,2,-37,37,0,   
K,3,-37,-37,0,  
K,3,37,-37,0,   
K,4,37,-37,0,   
KDELE,       3  
K,3,-37,-37,0,  
K,5,5,5,190,
K,6,-5,5,190,   
K,7,-5,-5,190,  
K,8,5,-5,190,   
K,8,5,-5,190,   
LSTR,       2,       6  
LSTR,       2,       3  
LSTR,       3,       7  
LSTR,       7,       8  
LSTR,       8,       5  
LSTR,       5,       6  
LSTR,       6,       7  
LSTR,       8,       4  
LSTR,       4,       3  
LSTR,       2,       1  
LSTR,       1,       5  
LSTR,       1,       4  
/VIEW,1,1,1,1   
/ANG,1  
/REP,FAST   
FLST,2,4,4  
FITEM,2,6   
FITEM,2,11  
FITEM,2,1   
FITEM,2,10  
AL,P51X 
FLST,2,4,4  
FITEM,2,6   
FITEM,2,7   
FITEM,2,5   
FITEM,2,4   
AL,P51X 
FLST,2,4,4  
FITEM,2,11  
FITEM,2,5   
FITEM,2,8   
FITEM,2,12  
AL,P51X 
/VIEW,1,,,1 
/ANG,1  
/REP,FAST   
LPLOT   
APLOT   
FLST,2,4,4  
FITEM,2,1   
FITEM,2,2   
FITEM,2,3   
FITEM,2,7   
AL,P51X 
FLST,2,4,4  
FITEM,2,4   
FITEM,2,3   
FITEM,2,9   
FITEM,2,8   
AL,P51X 
/VIEW,1,,,1 
/ANG,1  
/REP,FAST   
/VIEW,1,1,2,3   
/ANG,1  
/REP,FAST   
/VIEW,1,1   
/ANG,1  
/REP,FAST   
/VIEW,1,,1  
/ANG,1  
/REP,FAST   
/VIEW,1,,,-1
/ANG,1  
/REP,FAST   
/VIEW,1,-1  
/ANG,1  
/REP,FAST   
/VIEW,1,,,-1
/ANG,1  
/REP,FAST   
FLST,2,4,4  
FITEM,2,10  
FITEM,2,2   
FITEM,2,9   
FITEM,2,12  
AL,P51X 
/VIEW,1,1,1,1   
/ANG,1  
/REP,FAST   
FLST,2,6,5,ORDE,2   
FITEM,2,1   
FITEM,2,-6  
VA,P51X 
!*  
/NOPR   
/PMETH,OFF,0
KEYW,PR_SET,1   
KEYW,PR_STRUC,1 
KEYW,PR_THERM,0 
KEYW,PR_FLUID,0 
KEYW,PR_ELMAG,0 
KEYW,MAGNOD,0   
KEYW,MAGEDG,0   
KEYW,MAGHFE,0   
KEYW,MAGELC,0   
KEYW,PR_MULTI,0 
KEYW,PR_CFD,0   
/GO 
!*  
/COM,   
/COM,Preferences for GUI filtering have been set to display:
/COM,  Structural   
!*  
!*  
ET,1,SOLID45
!*  
!*  
MPTEMP,,,,,,,,  
MPTEMP,1,0  
MPDATA,EX,1,,2.0340e11  
MPDATA,PRXY,1,,0.3  
SAVE,'materials','db','C:\Users\ecslogon\Desktop\pyramid\'  
FLST,2,1,5,ORDE,1   
FITEM,2,6   
!*  
/GO 
DA,P51X,ALL,0   
FLST,2,4,3,ORDE,2   
FITEM,2,5   
FITEM,2,-8  
!*  
/GO 
FK,P51X,FX,2.5  
ESIZE,0,8,  
MSHAPE,0,3D 
MSHKEY,1
!*  
CM,_Y,VOLU  
VSEL, , , ,       1 
CM,_Y1,VOLU 
CHKMSH,'VOLU'   
CMSEL,S,_Y  
!*  
VMESH,_Y1   
!*  
CMDELE,_Y   
CMDELE,_Y1  
CMDELE,_Y2  
!*  
FINISH  
/SOL
/STATUS,SOLU
SOLVE   
FINISH  
/POST1  
SET,LIST
SET,LIST
PLDISP,1
PLDISP,1
VPLOT   
PLDISP,1
PLDISP,1
PLDISP,2
SET,LIST,2  
SET,LIST,2  
FINISH  
/PREP7  
VCLEAR,       1 
VPLOT   
LSCLEAR,ALL 
DKDELE,ALL,ALL  
!*  
MPTEMP,,,,,,,,  
MPTEMP,1,0  
MPDE,EX,1   
MPDE,NUXY,1 
MPDE,PRXY,1 
MPDATA,EX,1,,2.0340e20  
MPDATA,PRXY,1,,0.3  
FLST,2,1,5,ORDE,1   
FITEM,2,6   
!*  
/GO 
DA,P51X,ALL,0   
FLST,2,4,3,ORDE,2   
FITEM,2,5   
FITEM,2,-8  
!*  
/GO 
FK,P51X,FX,2.5  
FLST,5,4,4,ORDE,4   
FITEM,5,1   
FITEM,5,3   
FITEM,5,8   
FITEM,5,11  
CM,_Y,LINE  
LSEL, , , ,P51X 
CM,_Y1,LINE 
CMSEL,S,_Y  
!*  
!*  
LESIZE,_Y1,0, ,8,0,4,0,0
CMDELE,_Y   
CMDELE,_Y1  
!*  
NPLOT   
CM,_Y,VOLU  
VSEL, , , ,       1 
CM,_Y1,VOLU 
CHKMSH,'VOLU'   
CMSEL,S,_Y  
!*  
VMESH,_Y1   
!*  
CMDELE,_Y   
CMDELE,_Y1  
CMDELE,_Y2  
!*  
VCLEAR,       1 
VPLOT   
CM,_Y,VOLU  
VSEL, , , ,       1 
CM,_Y1,VOLU 
CHKMSH,'VOLU'   
CMSEL,S,_Y  
!*  
VMESH,_Y1   
!*  
CMDELE,_Y   
CMDELE,_Y1  
CMDELE,_Y2  
!*  
FINISH  
/SOL
/STATUS,SOLU
SOLVE   
FINISH  
/POST1  
PLDISP,1
PLDISP,1
FINISH  
/PREP7  
!*  
MPTEMP,,,,,,,,  
MPTEMP,1,0  
MPDE,EX,1   
MPDE,NUXY,1 
MPDE,PRXY,1 
MPDATA,EX,1,,2.0340e11  
MPDATA,PRXY,1,,0.3  
APLOT   
!*  
FLST,2,8,3,ORDE,2   
FITEM,2,1   
FITEM,2,-8  
FINISH  
/CLEAR,START
/COM,ANSYS RELEASE 12.1    UP20091102       17:42:32    12/02/2016
/input,start121,ans,'C:\Program Files\ANSYS Inc\v121\ANSYS\apdl\',,,,,,,,,,,,,,,,1  
!*  
/PREP7  
K,1,37e-9,37e-9,0,  
K,2,-3.7e-008,3.7e-008,0,   
K,3,-3.7e-008,-3.7e-008,0,  
K,4,3.7e-008,-3.7e-008,0,   
K,5,5e-9,5e-9,190e-9,   
K,6,-5e-009,5e-009,1.9e-007,
K,7,-5e-009,-5e-009,1.9e-007,   
K,8,5e-009,-5e-009,1.9e-007,
K,8,5e-009,-5e-009,1.9e-007,
LSTR,       2,       6  
LSTR,       6,       7  
LSTR,       7,       8  
LSTR,       8,       5  
LSTR,       5,       6  
LSTR,       5,       1  
LSTR,       1,       2  
LSTR,       2,       3  
LSTR,       3,       7  
LSTR,       8,       4  
LSTR,       3,       4  
LSTR,       4,       1  
FLST,2,4,4  
FITEM,2,8   
FITEM,2,1   
FITEM,2,2   
FITEM,2,9   
AL,P51X 
FLST,2,4,4  
FITEM,2,9   
FITEM,2,3   
FITEM,2,10  
FITEM,2,11  
AL,P51X 
FLST,2,4,4  
FITEM,2,6   
FITEM,2,4   
FITEM,2,10  
FITEM,2,12  
AL,P51X 
FLST,2,4,4  
FITEM,2,7   
FITEM,2,1   
FITEM,2,6   
FITEM,2,5   
AL,P51X 
FLST,2,4,4  
FITEM,2,5   
FITEM,2,2   
FITEM,2,3   
FITEM,2,4   
AL,P51X 
FLST,2,4,4  
FITEM,2,8   
FITEM,2,7   
FITEM,2,12  
FITEM,2,11  
AL,P51X 
FLST,2,6,5,ORDE,2   
FITEM,2,1   
FITEM,2,-6  
VA,P51X 
/VIEW,1,1,1,1   
/ANG,1  
/REP,FAST   
VPLOT   
!*  
ET,1,SOLID45
!*  
ET,2,SOLID45
!*  
ETDEL,2 
!*  
!*  
MPTEMP,,,,,,,,  
MPTEMP,1,0  
MPDATA,EX,1,,2.0340e11  
MPDATA,PRXY,1,,0.3  
FLST,2,1,5,ORDE,1   
FITEM,2,6   
!*  
/GO 
DA,P51X,ALL,0   
FLST,2,4,3,ORDE,2   
FITEM,2,5   
FITEM,2,-8  
!*  
/GO 
FK,P51X,FX,2.5e-9   
ESIZE,0,8,  
MSHAPE,0,3D 
MSHKEY,1
!*  
CM,_Y,VOLU  
VSEL, , , ,       1 
CM,_Y1,VOLU 
CHKMSH,'VOLU'   
CMSEL,S,_Y  
!*  
VMESH,_Y1   
!*  
CMDELE,_Y   
CMDELE,_Y1  
CMDELE,_Y2  
!*  
/UI,MESH,OFF
FINISH  
/SOL
/CWD,'C:\Users\ecslogon\Desktop\pyramid'
SAVE,'mod_pyramid','db','C:\Users\ecslogon\Desktop\pyramid\'
/STATUS,SOLU
SOLVE   
FINISH  
/POST1  
PLDISP,1
PLDISP,1
